{"/Users/maxuser/Documents/projects/snap_net_tk/src/app.controller.ts": {"path":"/Users/maxuser/Documents/projects/snap_net_tk/src/app.controller.ts","statementMap":{"0":{"start":{"line":1,"column":0},"end":{"line":1,"column":49}},"1":{"start":{"line":2,"column":0},"end":{"line":2,"column":43}},"2":{"start":{"line":5,"column":7},"end":{"line":12,"column":null}},"3":{"start":{"line":6,"column":31},"end":{"line":6,"column":43}},"4":{"start":{"line":10,"column":4},"end":{"line":10,"column":38}},"5":{"start":{"line":5,"column":13},"end":{"line":5,"column":26}},"6":{"start":{"line":9,"column":2},"end":{"line":11,"column":null}},"7":{"start":{"line":5,"column":13},"end":{"line":12,"column":null}}},"fnMap":{"0":{"name":"(anonymous_2)","decl":{"start":{"line":6,"column":2},"end":{"line":6,"column":31}},"loc":{"start":{"line":6,"column":53},"end":{"line":6,"column":57}}},"1":{"name":"(anonymous_3)","decl":{"start":{"line":9,"column":2},"end":{"line":9,"column":10}},"loc":{"start":{"line":9,"column":10},"end":{"line":11,"column":3}}}},"branchMap":{"0":{"loc":{"start":{"line":6,"column":43},"end":{"line":6,"column":56}},"type":"cond-expr","locations":[{"start":{"line":6,"column":53},"end":{"line":6,"column":56}},{"start":{"line":6,"column":53},"end":{"line":6,"column":56}}]},"1":{"loc":{"start":{"line":6,"column":43},"end":{"line":6,"column":53}},"type":"binary-expr","locations":[{"start":{"line":6,"column":43},"end":{"line":6,"column":56}},{"start":{"line":6,"column":43},"end":{"line":6,"column":53}}]}},"s":{"0":1,"1":1,"2":1,"3":1,"4":1,"5":1,"6":1,"7":1},"f":{"0":1,"1":1},"b":{"0":[1,0],"1":[1,1]}}
,"/Users/maxuser/Documents/projects/snap_net_tk/src/app.module.ts": {"path":"/Users/maxuser/Documents/projects/snap_net_tk/src/app.module.ts","statementMap":{"0":{"start":{"line":1,"column":0},"end":{"line":1,"column":40}},"1":{"start":{"line":2,"column":0},"end":{"line":2,"column":61}},"2":{"start":{"line":3,"column":0},"end":{"line":3,"column":48}},"3":{"start":{"line":4,"column":0},"end":{"line":4,"column":74}},"4":{"start":{"line":5,"column":0},"end":{"line":5,"column":68}},"5":{"start":{"line":6,"column":0},"end":{"line":6,"column":82}},"6":{"start":{"line":7,"column":0},"end":{"line":7,"column":67}},"7":{"start":{"line":8,"column":0},"end":{"line":8,"column":63}},"8":{"start":{"line":9,"column":0},"end":{"line":9,"column":72}},"9":{"start":{"line":10,"column":0},"end":{"line":10,"column":52}},"10":{"start":{"line":11,"column":0},"end":{"line":11,"column":58}},"11":{"start":{"line":12,"column":0},"end":{"line":12,"column":51}},"12":{"start":{"line":13,"column":0},"end":{"line":13,"column":57}},"13":{"start":{"line":14,"column":0},"end":{"line":14,"column":62}},"14":{"start":{"line":15,"column":0},"end":{"line":15,"column":56}},"15":{"start":{"line":16,"column":0},"end":{"line":16,"column":41}},"16":{"start":{"line":17,"column":0},"end":{"line":17,"column":62}},"17":{"start":{"line":18,"column":0},"end":{"line":18,"column":57}},"18":{"start":{"line":64,"column":7},"end":{"line":64,"column":null}},"19":{"start":{"line":64,"column":13},"end":{"line":64,"column":22}},"20":{"start":{"line":64,"column":13},"end":{"line":64,"column":null}},"21":{"start":{"line":27,"column":53},"end":{"line":37,"column":8}}},"fnMap":{"0":{"name":"(anonymous_1)","decl":{"start":{"line":27,"column":18},"end":{"line":27,"column":19}},"loc":{"start":{"line":27,"column":53},"end":{"line":37,"column":8}}}},"branchMap":{},"s":{"0":0,"1":0,"2":0,"3":0,"4":0,"5":0,"6":0,"7":0,"8":0,"9":0,"10":0,"11":0,"12":0,"13":0,"14":0,"15":0,"16":0,"17":0,"18":0,"19":0,"20":0,"21":0},"f":{"0":0},"b":{}}
,"/Users/maxuser/Documents/projects/snap_net_tk/src/app.service.ts": {"path":"/Users/maxuser/Documents/projects/snap_net_tk/src/app.service.ts","statementMap":{"0":{"start":{"line":1,"column":0},"end":{"line":1,"column":44}},"1":{"start":{"line":4,"column":7},"end":{"line":8,"column":null}},"2":{"start":{"line":6,"column":4},"end":{"line":6,"column":26}},"3":{"start":{"line":4,"column":13},"end":{"line":4,"column":23}},"4":{"start":{"line":4,"column":13},"end":{"line":8,"column":null}}},"fnMap":{"0":{"name":"(anonymous_1)","decl":{"start":{"line":5,"column":2},"end":{"line":5,"column":10}},"loc":{"start":{"line":5,"column":10},"end":{"line":7,"column":3}}}},"branchMap":{},"s":{"0":1,"1":1,"2":1,"3":1,"4":1},"f":{"0":1},"b":{}}
,"/Users/maxuser/Documents/projects/snap_net_tk/src/main.ts": {"path":"/Users/maxuser/Documents/projects/snap_net_tk/src/main.ts","statementMap":{"0":{"start":{"line":1,"column":0},"end":{"line":1,"column":43}},"1":{"start":{"line":2,"column":0},"end":{"line":2,"column":41}},"2":{"start":{"line":3,"column":0},"end":{"line":3,"column":71}},"3":{"start":{"line":4,"column":0},"end":{"line":4,"column":47}},"4":{"start":{"line":5,"column":0},"end":{"line":5,"column":48}},"5":{"start":{"line":6,"column":0},"end":{"line":6,"column":81}},"6":{"start":{"line":7,"column":0},"end":{"line":7,"column":77}},"7":{"start":{"line":10,"column":14},"end":{"line":10,"column":49}},"8":{"start":{"line":11,"column":24},"end":{"line":11,"column":46}},"9":{"start":{"line":14,"column":2},"end":{"line":18,"column":6}},"10":{"start":{"line":21,"column":2},"end":{"line":21,"column":55}},"11":{"start":{"line":22,"column":2},"end":{"line":22,"column":50}},"12":{"start":{"line":25,"column":2},"end":{"line":35,"column":5}},"13":{"start":{"line":37,"column":2},"end":{"line":37,"column":36}},"14":{"start":{"line":38,"column":2},"end":{"line":38,"column":62}},"15":{"start":{"line":40,"column":0},"end":{"line":40,"column":12}}},"fnMap":{"0":{"name":"bootstrap","decl":{"start":{"line":9,"column":15},"end":{"line":9,"column":24}},"loc":{"start":{"line":9,"column":24},"end":{"line":39,"column":1}}}},"branchMap":{"0":{"loc":{"start":{"line":38,"column":19},"end":{"line":38,"column":60}},"type":"binary-expr","locations":[{"start":{"line":38,"column":19},"end":{"line":38,"column":52}},{"start":{"line":38,"column":56},"end":{"line":38,"column":60}}]}},"s":{"0":0,"1":0,"2":0,"3":0,"4":0,"5":0,"6":0,"7":0,"8":0,"9":0,"10":0,"11":0,"12":0,"13":0,"14":0,"15":0},"f":{"0":0},"b":{"0":[0,0]}}
,"/Users/maxuser/Documents/projects/snap_net_tk/src/common/cache/cache.module.ts": {"path":"/Users/maxuser/Documents/projects/snap_net_tk/src/common/cache/cache.module.ts","statementMap":{"0":{"start":{"line":1,"column":0},"end":{"line":1,"column":48}},"1":{"start":{"line":2,"column":0},"end":{"line":2,"column":47}},"2":{"start":{"line":3,"column":0},"end":{"line":3,"column":28}},"3":{"start":{"line":22,"column":7},"end":{"line":22,"column":null}},"4":{"start":{"line":22,"column":13},"end":{"line":22,"column":24}},"5":{"start":{"line":22,"column":13},"end":{"line":22,"column":null}},"6":{"start":{"line":11,"column":28},"end":{"line":11,"column":66}},"7":{"start":{"line":12,"column":16},"end":{"line":14,"column":17}},"8":{"start":{"line":13,"column":20},"end":{"line":13,"column":64}},"9":{"start":{"line":15,"column":16},"end":{"line":15,"column":38}}},"fnMap":{"0":{"name":"(anonymous_2)","decl":{"start":{"line":10,"column":24},"end":{"line":10,"column":25}},"loc":{"start":{"line":10,"column":57},"end":{"line":16,"column":13}}}},"branchMap":{"0":{"loc":{"start":{"line":12,"column":16},"end":{"line":14,"column":17}},"type":"if","locations":[{"start":{"line":12,"column":16},"end":{"line":14,"column":17}},{"start":{},"end":{}}]}},"s":{"0":0,"1":0,"2":0,"3":0,"4":0,"5":0,"6":0,"7":0,"8":0,"9":0},"f":{"0":0},"b":{"0":[0,0]}}
,"/Users/maxuser/Documents/projects/snap_net_tk/src/common/decorators/public.decorator.ts": {"path":"/Users/maxuser/Documents/projects/snap_net_tk/src/common/decorators/public.decorator.ts","statementMap":{"0":{"start":{"line":1,"column":0},"end":{"line":1,"column":45}},"1":{"start":{"line":3,"column":13},"end":{"line":3,"column":40}},"2":{"start":{"line":4,"column":22},"end":{"line":4,"column":60}},"3":{"start":{"line":4,"column":28},"end":{"line":4,"column":60}},"4":{"start":{"line":4,"column":13},"end":{"line":4,"column":22}}},"fnMap":{"0":{"name":"(anonymous_0)","decl":{"start":{"line":4,"column":22},"end":{"line":4,"column":25}},"loc":{"start":{"line":4,"column":28},"end":{"line":4,"column":60}}}},"branchMap":{},"s":{"0":3,"1":3,"2":3,"3":5,"4":3},"f":{"0":5},"b":{}}
,"/Users/maxuser/Documents/projects/snap_net_tk/src/common/decorators/roles.decorator.ts": {"path":"/Users/maxuser/Documents/projects/snap_net_tk/src/common/decorators/roles.decorator.ts","statementMap":{"0":{"start":{"line":1,"column":0},"end":{"line":1,"column":45}},"1":{"start":{"line":4,"column":13},"end":{"line":4,"column":33}},"2":{"start":{"line":5,"column":21},"end":{"line":5,"column":80}},"3":{"start":{"line":5,"column":51},"end":{"line":5,"column":80}},"4":{"start":{"line":5,"column":13},"end":{"line":5,"column":21}}},"fnMap":{"0":{"name":"(anonymous_0)","decl":{"start":{"line":5,"column":21},"end":{"line":5,"column":22}},"loc":{"start":{"line":5,"column":51},"end":{"line":5,"column":80}}}},"branchMap":{},"s":{"0":3,"1":3,"2":3,"3":9,"4":3},"f":{"0":9},"b":{}}
,"/Users/maxuser/Documents/projects/snap_net_tk/src/common/dto/pagination.dto.ts": {"path":"/Users/maxuser/Documents/projects/snap_net_tk/src/common/dto/pagination.dto.ts","statementMap":{"0":{"start":{"line":1,"column":0},"end":{"line":1,"column":60}},"1":{"start":{"line":2,"column":0},"end":{"line":2,"column":41}},"2":{"start":{"line":9,"column":19},"end":{"line":9,"column":20}},"3":{"start":{"line":15,"column":20},"end":{"line":15,"column":22}},"4":{"start":{"line":4,"column":0},"end":{"line":4,"column":13}},"5":{"start":{"line":9,"column":4},"end":{"line":9,"column":null}},"6":{"start":{"line":6,"column":16},"end":{"line":6,"column":22}},"7":{"start":{"line":15,"column":4},"end":{"line":15,"column":null}},"8":{"start":{"line":12,"column":16},"end":{"line":12,"column":22}}},"fnMap":{"0":{"name":"(anonymous_2)","decl":{"start":{"line":6,"column":10},"end":{"line":6,"column":13}},"loc":{"start":{"line":6,"column":16},"end":{"line":6,"column":22}}},"1":{"name":"(anonymous_3)","decl":{"start":{"line":12,"column":10},"end":{"line":12,"column":13}},"loc":{"start":{"line":12,"column":16},"end":{"line":12,"column":22}}}},"branchMap":{},"s":{"0":3,"1":3,"2":0,"3":0,"4":3,"5":3,"6":0,"7":3,"8":0},"f":{"0":0,"1":0},"b":{}}
,"/Users/maxuser/Documents/projects/snap_net_tk/src/common/dto/response.dto.ts": {"path":"/Users/maxuser/Documents/projects/snap_net_tk/src/common/dto/response.dto.ts","statementMap":{"0":{"start":{"line":9,"column":8},"end":{"line":9,"column":31}},"1":{"start":{"line":10,"column":8},"end":{"line":10,"column":31}},"2":{"start":{"line":11,"column":8},"end":{"line":11,"column":25}},"3":{"start":{"line":12,"column":8},"end":{"line":12,"column":25}},"4":{"start":{"line":2,"column":0},"end":{"line":2,"column":13}}},"fnMap":{"0":{"name":"(anonymous_0)","decl":{"start":{"line":8,"column":4},"end":{"line":8,"column":16}},"loc":{"start":{"line":8,"column":71},"end":{"line":13,"column":5}}}},"branchMap":{},"s":{"0":13,"1":13,"2":13,"3":13,"4":4},"f":{"0":13},"b":{}}
,"/Users/maxuser/Documents/projects/snap_net_tk/src/common/filters/http-exception.filter.ts": {"path":"/Users/maxuser/Documents/projects/snap_net_tk/src/common/filters/http-exception.filter.ts","statementMap":{"0":{"start":{"line":1,"column":0},"end":{"line":1,"column":98}},"1":{"start":{"line":3,"column":0},"end":{"line":3,"column":50}},"2":{"start":{"line":6,"column":7},"end":{"line":22,"column":null}},"3":{"start":{"line":8,"column":20},"end":{"line":8,"column":39}},"4":{"start":{"line":9,"column":25},"end":{"line":9,"column":52}},"5":{"start":{"line":11,"column":21},"end":{"line":11,"column":53}},"6":{"start":{"line":12,"column":22},"end":{"line":12,"column":45}},"7":{"start":{"line":14,"column":8},"end":{"line":18,"column":9}},"8":{"start":{"line":15,"column":12},"end":{"line":15,"column":43}},"9":{"start":{"line":16,"column":38},"end":{"line":16,"column":61}},"10":{"start":{"line":17,"column":12},"end":{"line":17,"column":117}},"11":{"start":{"line":20,"column":8},"end":{"line":20,"column":70}},"12":{"start":{"line":6,"column":13},"end":{"line":6,"column":32}},"13":{"start":{"line":6,"column":13},"end":{"line":22,"column":null}}},"fnMap":{"0":{"name":"(anonymous_1)","decl":{"start":{"line":7,"column":4},"end":{"line":7,"column":9}},"loc":{"start":{"line":7,"column":49},"end":{"line":21,"column":5}}}},"branchMap":{"0":{"loc":{"start":{"line":14,"column":8},"end":{"line":18,"column":9}},"type":"if","locations":[{"start":{"line":14,"column":8},"end":{"line":18,"column":9}},{"start":{},"end":{}}]},"1":{"loc":{"start":{"line":17,"column":22},"end":{"line":17,"column":116}},"type":"cond-expr","locations":[{"start":{"line":17,"column":62},"end":{"line":17,"column":79}},{"start":{"line":17,"column":83},"end":{"line":17,"column":116}}]}},"s":{"0":0,"1":0,"2":0,"3":0,"4":0,"5":0,"6":0,"7":0,"8":0,"9":0,"10":0,"11":0,"12":0,"13":0},"f":{"0":0},"b":{"0":[0,0],"1":[0,0]}}
,"/Users/maxuser/Documents/projects/snap_net_tk/src/common/guards/jwt-auth.guard.ts": {"path":"/Users/maxuser/Documents/projects/snap_net_tk/src/common/guards/jwt-auth.guard.ts","statementMap":{"0":{"start":{"line":2,"column":0},"end":{"line":2,"column":85}},"1":{"start":{"line":3,"column":0},"end":{"line":3,"column":41}},"2":{"start":{"line":4,"column":0},"end":{"line":4,"column":45}},"3":{"start":{"line":5,"column":0},"end":{"line":5,"column":63}},"4":{"start":{"line":8,"column":7},"end":{"line":30,"column":null}},"5":{"start":{"line":10,"column":8},"end":{"line":10,"column":16}},"6":{"start":{"line":9,"column":24},"end":{"line":9,"column":35}},"7":{"start":{"line":14,"column":25},"end":{"line":17,"column":10}},"8":{"start":{"line":18,"column":8},"end":{"line":20,"column":9}},"9":{"start":{"line":19,"column":12},"end":{"line":19,"column":24}},"10":{"start":{"line":21,"column":8},"end":{"line":21,"column":42}},"11":{"start":{"line":25,"column":8},"end":{"line":27,"column":9}},"12":{"start":{"line":26,"column":12},"end":{"line":26,"column":53}},"13":{"start":{"line":28,"column":8},"end":{"line":28,"column":20}},"14":{"start":{"line":8,"column":13},"end":{"line":8,"column":25}},"15":{"start":{"line":8,"column":13},"end":{"line":30,"column":null}}},"fnMap":{"0":{"name":"(anonymous_2)","decl":{"start":{"line":9,"column":4},"end":{"line":9,"column":24}},"loc":{"start":{"line":9,"column":44},"end":{"line":11,"column":5}}},"1":{"name":"(anonymous_3)","decl":{"start":{"line":13,"column":4},"end":{"line":13,"column":15}},"loc":{"start":{"line":13,"column":41},"end":{"line":22,"column":5}}},"2":{"name":"(anonymous_4)","decl":{"start":{"line":24,"column":4},"end":{"line":24,"column":17}},"loc":{"start":{"line":24,"column":48},"end":{"line":29,"column":5}}}},"branchMap":{"0":{"loc":{"start":{"line":18,"column":8},"end":{"line":20,"column":9}},"type":"if","locations":[{"start":{"line":18,"column":8},"end":{"line":20,"column":9}},{"start":{},"end":{}}]},"1":{"loc":{"start":{"line":25,"column":8},"end":{"line":27,"column":9}},"type":"if","locations":[{"start":{"line":25,"column":8},"end":{"line":27,"column":9}},{"start":{},"end":{}}]},"2":{"loc":{"start":{"line":25,"column":12},"end":{"line":25,"column":24}},"type":"binary-expr","locations":[{"start":{"line":25,"column":12},"end":{"line":25,"column":15}},{"start":{"line":25,"column":19},"end":{"line":25,"column":24}}]},"3":{"loc":{"start":{"line":26,"column":18},"end":{"line":26,"column":52}},"type":"binary-expr","locations":[{"start":{"line":26,"column":18},"end":{"line":26,"column":21}},{"start":{"line":26,"column":25},"end":{"line":26,"column":52}}]},"4":{"loc":{"start":{"line":9,"column":35},"end":{"line":9,"column":null}},"type":"cond-expr","locations":[{"start":{"line":9,"column":44},"end":{"line":9,"column":null}},{"start":{"line":9,"column":44},"end":{"line":9,"column":null}}]},"5":{"loc":{"start":{"line":9,"column":35},"end":{"line":9,"column":44}},"type":"binary-expr","locations":[{"start":{"line":9,"column":35},"end":{"line":9,"column":null}},{"start":{"line":9,"column":35},"end":{"line":9,"column":44}}]}},"s":{"0":0,"1":0,"2":0,"3":0,"4":0,"5":0,"6":0,"7":0,"8":0,"9":0,"10":0,"11":0,"12":0,"13":0,"14":0,"15":0},"f":{"0":0,"1":0,"2":0},"b":{"0":[0,0],"1":[0,0],"2":[0,0],"3":[0,0],"4":[0,0],"5":[0,0]}}
,"/Users/maxuser/Documents/projects/snap_net_tk/src/common/guards/roles.guard.ts": {"path":"/Users/maxuser/Documents/projects/snap_net_tk/src/common/guards/roles.guard.ts","statementMap":{"0":{"start":{"line":1,"column":0},"end":{"line":1,"column":118}},"1":{"start":{"line":2,"column":0},"end":{"line":2,"column":41}},"2":{"start":{"line":3,"column":0},"end":{"line":3,"column":58}},"3":{"start":{"line":7,"column":7},"end":{"line":33,"column":null}},"4":{"start":{"line":9,"column":16},"end":{"line":9,"column":27}},"5":{"start":{"line":13,"column":30},"end":{"line":16,"column":10}},"6":{"start":{"line":17,"column":8},"end":{"line":19,"column":9}},"7":{"start":{"line":18,"column":12},"end":{"line":18,"column":24}},"8":{"start":{"line":21,"column":24},"end":{"line":21,"column":59}},"9":{"start":{"line":22,"column":21},"end":{"line":22,"column":33}},"10":{"start":{"line":24,"column":8},"end":{"line":28,"column":9}},"11":{"start":{"line":27,"column":12},"end":{"line":27,"column":70}},"12":{"start":{"line":31,"column":8},"end":{"line":31,"column":64}},"13":{"start":{"line":31,"column":44},"end":{"line":31,"column":62}},"14":{"start":{"line":7,"column":13},"end":{"line":7,"column":23}},"15":{"start":{"line":7,"column":13},"end":{"line":33,"column":null}}},"fnMap":{"0":{"name":"(anonymous_2)","decl":{"start":{"line":8,"column":4},"end":{"line":8,"column":null}},"loc":{"start":{"line":9,"column":36},"end":{"line":10,"column":9}}},"1":{"name":"(anonymous_3)","decl":{"start":{"line":12,"column":4},"end":{"line":12,"column":9}},"loc":{"start":{"line":12,"column":47},"end":{"line":32,"column":5}}},"2":{"name":"(anonymous_4)","decl":{"start":{"line":31,"column":34},"end":{"line":31,"column":35}},"loc":{"start":{"line":31,"column":44},"end":{"line":31,"column":62}}}},"branchMap":{"0":{"loc":{"start":{"line":17,"column":8},"end":{"line":19,"column":9}},"type":"if","locations":[{"start":{"line":17,"column":8},"end":{"line":19,"column":9}},{"start":{},"end":{}}]},"1":{"loc":{"start":{"line":24,"column":8},"end":{"line":28,"column":9}},"type":"if","locations":[{"start":{"line":24,"column":8},"end":{"line":28,"column":9}},{"start":{},"end":{}}]},"2":{"loc":{"start":{"line":9,"column":27},"end":{"line":9,"column":null}},"type":"cond-expr","locations":[{"start":{"line":9,"column":36},"end":{"line":9,"column":null}},{"start":{"line":9,"column":36},"end":{"line":9,"column":null}}]},"3":{"loc":{"start":{"line":9,"column":27},"end":{"line":9,"column":36}},"type":"binary-expr","locations":[{"start":{"line":9,"column":27},"end":{"line":9,"column":null}},{"start":{"line":9,"column":27},"end":{"line":9,"column":36}}]}},"s":{"0":0,"1":0,"2":0,"3":0,"4":0,"5":0,"6":0,"7":0,"8":0,"9":0,"10":0,"11":0,"12":0,"13":0,"14":0,"15":0},"f":{"0":0,"1":0,"2":0},"b":{"0":[0,0],"1":[0,0],"2":[0,0],"3":[0,0]}}
,"/Users/maxuser/Documents/projects/snap_net_tk/src/common/interceptors/response.interceptor.ts": {"path":"/Users/maxuser/Documents/projects/snap_net_tk/src/common/interceptors/response.interceptor.ts","statementMap":{"0":{"start":{"line":1,"column":0},"end":{"line":1,"column":92}},"1":{"start":{"line":3,"column":0},"end":{"line":3,"column":37}},"2":{"start":{"line":4,"column":0},"end":{"line":4,"column":50}},"3":{"start":{"line":7,"column":7},"end":{"line":18,"column":null}},"4":{"start":{"line":9,"column":8},"end":{"line":16,"column":10}},"5":{"start":{"line":11,"column":16},"end":{"line":13,"column":17}},"6":{"start":{"line":12,"column":20},"end":{"line":12,"column":32}},"7":{"start":{"line":14,"column":16},"end":{"line":14,"column":62}},"8":{"start":{"line":7,"column":13},"end":{"line":7,"column":32}},"9":{"start":{"line":7,"column":13},"end":{"line":18,"column":null}}},"fnMap":{"0":{"name":"(anonymous_1)","decl":{"start":{"line":8,"column":4},"end":{"line":8,"column":13}},"loc":{"start":{"line":8,"column":59},"end":{"line":17,"column":5}}},"1":{"name":"(anonymous_2)","decl":{"start":{"line":10,"column":16},"end":{"line":10,"column":20}},"loc":{"start":{"line":10,"column":23},"end":{"line":15,"column":13}}}},"branchMap":{"0":{"loc":{"start":{"line":11,"column":16},"end":{"line":13,"column":17}},"type":"if","locations":[{"start":{"line":11,"column":16},"end":{"line":13,"column":17}},{"start":{},"end":{}}]}},"s":{"0":0,"1":0,"2":0,"3":0,"4":0,"5":0,"6":0,"7":0,"8":0,"9":0},"f":{"0":0,"1":0},"b":{"0":[0,0]}}
,"/Users/maxuser/Documents/projects/snap_net_tk/src/common/strategies/retry/exponential-backoff.strategy.ts": {"path":"/Users/maxuser/Documents/projects/snap_net_tk/src/common/strategies/retry/exponential-backoff.strategy.ts","statementMap":{"0":{"start":{"line":6,"column":16},"end":{"line":6,"column":35}},"1":{"start":{"line":7,"column":16},"end":{"line":7,"column":36}},"2":{"start":{"line":8,"column":16},"end":{"line":8,"column":37}},"3":{"start":{"line":12,"column":8},"end":{"line":12,"column":42}},"4":{"start":{"line":16,"column":8},"end":{"line":16,"column":74}},"5":{"start":{"line":4,"column":0},"end":{"line":4,"column":13}}},"fnMap":{"0":{"name":"(anonymous_0)","decl":{"start":{"line":5,"column":4},"end":{"line":5,"column":null}},"loc":{"start":{"line":8,"column":38},"end":{"line":9,"column":9}}},"1":{"name":"(anonymous_1)","decl":{"start":{"line":11,"column":4},"end":{"line":11,"column":15}},"loc":{"start":{"line":11,"column":43},"end":{"line":13,"column":5}}},"2":{"name":"(anonymous_2)","decl":{"start":{"line":15,"column":4},"end":{"line":15,"column":12}},"loc":{"start":{"line":15,"column":28},"end":{"line":17,"column":5}}}},"branchMap":{"0":{"loc":{"start":{"line":8,"column":16},"end":{"line":8,"column":38}},"type":"default-arg","locations":[{"start":{"line":8,"column":37},"end":{"line":8,"column":38}}]}},"s":{"0":0,"1":0,"2":0,"3":0,"4":0,"5":1},"f":{"0":0,"1":0,"2":0},"b":{"0":[0]}}
,"/Users/maxuser/Documents/projects/snap_net_tk/src/common/strategies/retry/fixed-interval.strategy.ts": {"path":"/Users/maxuser/Documents/projects/snap_net_tk/src/common/strategies/retry/fixed-interval.strategy.ts","statementMap":{"0":{"start":{"line":5,"column":24},"end":{"line":5,"column":43}},"1":{"start":{"line":5,"column":53},"end":{"line":5,"column":66}},"2":{"start":{"line":8,"column":8},"end":{"line":8,"column":42}},"3":{"start":{"line":12,"column":8},"end":{"line":12,"column":26}},"4":{"start":{"line":4,"column":0},"end":{"line":4,"column":13}}},"fnMap":{"0":{"name":"(anonymous_0)","decl":{"start":{"line":5,"column":4},"end":{"line":5,"column":24}},"loc":{"start":{"line":5,"column":66},"end":{"line":5,"column":71}}},"1":{"name":"(anonymous_1)","decl":{"start":{"line":7,"column":4},"end":{"line":7,"column":15}},"loc":{"start":{"line":7,"column":43},"end":{"line":9,"column":5}}},"2":{"name":"(anonymous_2)","decl":{"start":{"line":11,"column":4},"end":{"line":11,"column":12}},"loc":{"start":{"line":11,"column":28},"end":{"line":13,"column":5}}}},"branchMap":{},"s":{"0":0,"1":0,"2":0,"3":0,"4":0},"f":{"0":0,"1":0,"2":0},"b":{}}
,"/Users/maxuser/Documents/projects/snap_net_tk/src/common/utils/pagination.helper.ts": {"path":"/Users/maxuser/Documents/projects/snap_net_tk/src/common/utils/pagination.helper.ts","statementMap":{"0":{"start":{"line":3,"column":8},"end":{"line":10,"column":10}},"1":{"start":{"line":14,"column":8},"end":{"line":17,"column":10}},"2":{"start":{"line":1,"column":0},"end":{"line":1,"column":13}}},"fnMap":{"0":{"name":"(anonymous_0)","decl":{"start":{"line":2,"column":4},"end":{"line":2,"column":10}},"loc":{"start":{"line":2,"column":71},"end":{"line":11,"column":5}}},"1":{"name":"(anonymous_1)","decl":{"start":{"line":13,"column":4},"end":{"line":13,"column":10}},"loc":{"start":{"line":13,"column":76},"end":{"line":18,"column":5}}}},"branchMap":{},"s":{"0":0,"1":0,"2":7},"f":{"0":0,"1":0},"b":{}}
,"/Users/maxuser/Documents/projects/snap_net_tk/src/config/typeorm.config.ts": {"path":"/Users/maxuser/Documents/projects/snap_net_tk/src/config/typeorm.config.ts","statementMap":{"0":{"start":{"line":1,"column":0},"end":{"line":1,"column":37}},"1":{"start":{"line":2,"column":0},"end":{"line":2,"column":32}},"2":{"start":{"line":3,"column":0},"end":{"line":3,"column":68}},"3":{"start":{"line":4,"column":0},"end":{"line":4,"column":64}},"4":{"start":{"line":5,"column":0},"end":{"line":5,"column":73}},"5":{"start":{"line":7,"column":0},"end":{"line":7,"column":9}},"6":{"start":{"line":9,"column":0},"end":{"line":19,"column":3}}},"fnMap":{},"branchMap":{"0":{"loc":{"start":{"line":11,"column":10},"end":{"line":11,"column":44}},"type":"binary-expr","locations":[{"start":{"line":11,"column":10},"end":{"line":11,"column":29}},{"start":{"line":11,"column":33},"end":{"line":11,"column":44}}]},"1":{"loc":{"start":{"line":12,"column":19},"end":{"line":12,"column":48}},"type":"binary-expr","locations":[{"start":{"line":12,"column":19},"end":{"line":12,"column":38}},{"start":{"line":12,"column":42},"end":{"line":12,"column":48}}]},"2":{"loc":{"start":{"line":13,"column":14},"end":{"line":13,"column":47}},"type":"binary-expr","locations":[{"start":{"line":13,"column":14},"end":{"line":13,"column":37}},{"start":{"line":13,"column":41},"end":{"line":13,"column":47}}]},"3":{"loc":{"start":{"line":14,"column":14},"end":{"line":14,"column":51}},"type":"binary-expr","locations":[{"start":{"line":14,"column":14},"end":{"line":14,"column":37}},{"start":{"line":14,"column":41},"end":{"line":14,"column":51}}]},"4":{"loc":{"start":{"line":15,"column":14},"end":{"line":15,"column":55}},"type":"binary-expr","locations":[{"start":{"line":15,"column":14},"end":{"line":15,"column":37}},{"start":{"line":15,"column":41},"end":{"line":15,"column":55}}]}},"s":{"0":0,"1":0,"2":0,"3":0,"4":0,"5":0,"6":0},"f":{},"b":{"0":[0,0],"1":[0,0],"2":[0,0],"3":[0,0],"4":[0,0]}}
,"/Users/maxuser/Documents/projects/snap_net_tk/src/database/entities/base.entity.ts": {"path":"/Users/maxuser/Documents/projects/snap_net_tk/src/database/entities/base.entity.ts","statementMap":{"0":{"start":{"line":1,"column":0},"end":{"line":1,"column":85}},"1":{"start":{"line":3,"column":0},"end":{"line":3,"column":22}},"2":{"start":{"line":5,"column":4},"end":{"line":5,"column":null}},"3":{"start":{"line":8,"column":4},"end":{"line":8,"column":null}},"4":{"start":{"line":11,"column":4},"end":{"line":11,"column":null}}},"fnMap":{},"branchMap":{"0":{"loc":{"start":{"line":8,"column":15},"end":{"line":8,"column":20}},"type":"cond-expr","locations":[{"start":{"line":8,"column":19},"end":{"line":8,"column":20}},{"start":{"line":8,"column":19},"end":{"line":8,"column":20}}]},"1":{"loc":{"start":{"line":8,"column":15},"end":{"line":8,"column":19}},"type":"binary-expr","locations":[{"start":{"line":8,"column":15},"end":{"line":8,"column":20}},{"start":{"line":8,"column":15},"end":{"line":8,"column":19}}]},"2":{"loc":{"start":{"line":11,"column":15},"end":{"line":11,"column":20}},"type":"cond-expr","locations":[{"start":{"line":11,"column":19},"end":{"line":11,"column":20}},{"start":{"line":11,"column":19},"end":{"line":11,"column":20}}]},"3":{"loc":{"start":{"line":11,"column":15},"end":{"line":11,"column":19}},"type":"binary-expr","locations":[{"start":{"line":11,"column":15},"end":{"line":11,"column":20}},{"start":{"line":11,"column":15},"end":{"line":11,"column":19}}]}},"s":{"0":9,"1":9,"2":9,"3":9,"4":9},"f":{},"b":{"0":[9,0],"1":[9,9],"2":[9,0],"3":[9,9]}}
,"/Users/maxuser/Documents/projects/snap_net_tk/src/database/entities/department.entity.ts": {"path":"/Users/maxuser/Documents/projects/snap_net_tk/src/database/entities/department.entity.ts","statementMap":{"0":{"start":{"line":1,"column":0},"end":{"line":1,"column":52}},"1":{"start":{"line":2,"column":0},"end":{"line":2,"column":43}},"2":{"start":{"line":3,"column":0},"end":{"line":3,"column":45}},"3":{"start":{"line":7,"column":7},"end":{"line":13,"column":null}},"4":{"start":{"line":7,"column":13},"end":{"line":7,"column":23}},"5":{"start":{"line":9,"column":4},"end":{"line":9,"column":null}},"6":{"start":{"line":12,"column":4},"end":{"line":12,"column":null}},"7":{"start":{"line":11,"column":21},"end":{"line":11,"column":29}},"8":{"start":{"line":11,"column":45},"end":{"line":11,"column":64}},"9":{"start":{"line":7,"column":13},"end":{"line":13,"column":null}}},"fnMap":{"0":{"name":"(anonymous_2)","decl":{"start":{"line":11,"column":15},"end":{"line":11,"column":18}},"loc":{"start":{"line":11,"column":21},"end":{"line":11,"column":29}}},"1":{"name":"(anonymous_3)","decl":{"start":{"line":11,"column":31},"end":{"line":11,"column":32}},"loc":{"start":{"line":11,"column":45},"end":{"line":11,"column":64}}}},"branchMap":{},"s":{"0":9,"1":9,"2":9,"3":9,"4":9,"5":9,"6":9,"7":0,"8":0,"9":9},"f":{"0":0,"1":0},"b":{}}
,"/Users/maxuser/Documents/projects/snap_net_tk/src/database/entities/employee.entity.ts": {"path":"/Users/maxuser/Documents/projects/snap_net_tk/src/database/entities/employee.entity.ts","statementMap":{"0":{"start":{"line":1,"column":0},"end":{"line":1,"column":82}},"1":{"start":{"line":2,"column":0},"end":{"line":2,"column":43}},"2":{"start":{"line":3,"column":0},"end":{"line":3,"column":49}},"3":{"start":{"line":4,"column":0},"end":{"line":4,"column":54}},"4":{"start":{"line":6,"column":0},"end":{"line":6,"column":null}},"5":{"start":{"line":7,"column":4},"end":{"line":7,"column":null}},"6":{"start":{"line":8,"column":4},"end":{"line":8,"column":null}},"7":{"start":{"line":12,"column":7},"end":{"line":35,"column":null}},"8":{"start":{"line":12,"column":13},"end":{"line":12,"column":21}},"9":{"start":{"line":14,"column":4},"end":{"line":14,"column":null}},"10":{"start":{"line":17,"column":4},"end":{"line":17,"column":null}},"11":{"start":{"line":20,"column":4},"end":{"line":20,"column":null}},"12":{"start":{"line":23,"column":4},"end":{"line":23,"column":null}},"13":{"start":{"line":27,"column":4},"end":{"line":27,"column":null}},"14":{"start":{"line":31,"column":4},"end":{"line":31,"column":null}},"15":{"start":{"line":29,"column":21},"end":{"line":29,"column":31}},"16":{"start":{"line":29,"column":49},"end":{"line":29,"column":69}},"17":{"start":{"line":34,"column":4},"end":{"line":34,"column":null}},"18":{"start":{"line":33,"column":21},"end":{"line":33,"column":33}},"19":{"start":{"line":33,"column":53},"end":{"line":33,"column":74}},"20":{"start":{"line":12,"column":13},"end":{"line":35,"column":null}}},"fnMap":{"0":{"name":"(anonymous_2)","decl":{"start":{"line":6,"column":0},"end":{"line":6,"column":12}},"loc":{"start":{"line":6,"column":24},"end":{"line":9,"column":1}}},"1":{"name":"(anonymous_3)","decl":{"start":{"line":29,"column":15},"end":{"line":29,"column":18}},"loc":{"start":{"line":29,"column":21},"end":{"line":29,"column":31}}},"2":{"name":"(anonymous_4)","decl":{"start":{"line":29,"column":33},"end":{"line":29,"column":34}},"loc":{"start":{"line":29,"column":49},"end":{"line":29,"column":69}}},"3":{"name":"(anonymous_5)","decl":{"start":{"line":33,"column":15},"end":{"line":33,"column":18}},"loc":{"start":{"line":33,"column":21},"end":{"line":33,"column":33}}},"4":{"name":"(anonymous_6)","decl":{"start":{"line":33,"column":35},"end":{"line":33,"column":36}},"loc":{"start":{"line":33,"column":53},"end":{"line":33,"column":74}}}},"branchMap":{"0":{"loc":{"start":{"line":6,"column":12},"end":{"line":6,"column":null}},"type":"binary-expr","locations":[{"start":{"line":6,"column":12},"end":{"line":6,"column":24}},{"start":{"line":6,"column":24},"end":{"line":6,"column":null}}]},"1":{"loc":{"start":{"line":31,"column":16},"end":{"line":31,"column":27}},"type":"cond-expr","locations":[{"start":{"line":31,"column":26},"end":{"line":31,"column":27}},{"start":{"line":31,"column":26},"end":{"line":31,"column":27}}]},"2":{"loc":{"start":{"line":31,"column":16},"end":{"line":31,"column":26}},"type":"binary-expr","locations":[{"start":{"line":31,"column":16},"end":{"line":31,"column":27}},{"start":{"line":31,"column":16},"end":{"line":31,"column":26}}]}},"s":{"0":9,"1":9,"2":9,"3":9,"4":9,"5":9,"6":9,"7":9,"8":9,"9":9,"10":9,"11":9,"12":9,"13":9,"14":9,"15":0,"16":0,"17":9,"18":0,"19":0,"20":9},"f":{"0":9,"1":0,"2":0,"3":0,"4":0},"b":{"0":[9,9],"1":[7,2],"2":[9,7]}}
,"/Users/maxuser/Documents/projects/snap_net_tk/src/database/entities/leave-request.entity.ts": {"path":"/Users/maxuser/Documents/projects/snap_net_tk/src/database/entities/leave-request.entity.ts","statementMap":{"0":{"start":{"line":1,"column":0},"end":{"line":1,"column":71}},"1":{"start":{"line":2,"column":0},"end":{"line":2,"column":43}},"2":{"start":{"line":3,"column":0},"end":{"line":3,"column":45}},"3":{"start":{"line":5,"column":0},"end":{"line":5,"column":null}},"4":{"start":{"line":6,"column":4},"end":{"line":6,"column":null}},"5":{"start":{"line":7,"column":4},"end":{"line":7,"column":null}},"6":{"start":{"line":8,"column":4},"end":{"line":8,"column":null}},"7":{"start":{"line":9,"column":4},"end":{"line":9,"column":null}},"8":{"start":{"line":14,"column":7},"end":{"line":39,"column":null}},"9":{"start":{"line":14,"column":13},"end":{"line":14,"column":25}},"10":{"start":{"line":17,"column":4},"end":{"line":17,"column":null}},"11":{"start":{"line":20,"column":4},"end":{"line":20,"column":null}},"12":{"start":{"line":23,"column":4},"end":{"line":23,"column":null}},"13":{"start":{"line":31,"column":4},"end":{"line":31,"column":null}},"14":{"start":{"line":34,"column":4},"end":{"line":34,"column":23}},"15":{"start":{"line":38,"column":4},"end":{"line":38,"column":null}},"16":{"start":{"line":36,"column":21},"end":{"line":36,"column":29}},"17":{"start":{"line":36,"column":45},"end":{"line":36,"column":67}},"18":{"start":{"line":14,"column":13},"end":{"line":39,"column":null}}},"fnMap":{"0":{"name":"(anonymous_2)","decl":{"start":{"line":5,"column":0},"end":{"line":5,"column":12}},"loc":{"start":{"line":5,"column":23},"end":{"line":10,"column":1}}},"1":{"name":"(anonymous_3)","decl":{"start":{"line":36,"column":15},"end":{"line":36,"column":18}},"loc":{"start":{"line":36,"column":21},"end":{"line":36,"column":29}}},"2":{"name":"(anonymous_4)","decl":{"start":{"line":36,"column":31},"end":{"line":36,"column":32}},"loc":{"start":{"line":36,"column":45},"end":{"line":36,"column":67}}}},"branchMap":{"0":{"loc":{"start":{"line":5,"column":12},"end":{"line":5,"column":null}},"type":"binary-expr","locations":[{"start":{"line":5,"column":12},"end":{"line":5,"column":23}},{"start":{"line":5,"column":23},"end":{"line":5,"column":null}}]},"1":{"loc":{"start":{"line":20,"column":15},"end":{"line":20,"column":20}},"type":"cond-expr","locations":[{"start":{"line":20,"column":19},"end":{"line":20,"column":20}},{"start":{"line":20,"column":19},"end":{"line":20,"column":20}}]},"2":{"loc":{"start":{"line":20,"column":15},"end":{"line":20,"column":19}},"type":"binary-expr","locations":[{"start":{"line":20,"column":15},"end":{"line":20,"column":20}},{"start":{"line":20,"column":15},"end":{"line":20,"column":19}}]},"3":{"loc":{"start":{"line":23,"column":13},"end":{"line":23,"column":18}},"type":"cond-expr","locations":[{"start":{"line":23,"column":17},"end":{"line":23,"column":18}},{"start":{"line":23,"column":17},"end":{"line":23,"column":18}}]},"4":{"loc":{"start":{"line":23,"column":13},"end":{"line":23,"column":17}},"type":"binary-expr","locations":[{"start":{"line":23,"column":13},"end":{"line":23,"column":18}},{"start":{"line":23,"column":13},"end":{"line":23,"column":17}}]},"5":{"loc":{"start":{"line":34,"column":17},"end":{"line":34,"column":22}},"type":"cond-expr","locations":[{"start":{"line":34,"column":21},"end":{"line":34,"column":22}},{"start":{"line":34,"column":21},"end":{"line":34,"column":22}}]},"6":{"loc":{"start":{"line":34,"column":17},"end":{"line":34,"column":21}},"type":"binary-expr","locations":[{"start":{"line":34,"column":17},"end":{"line":34,"column":22}},{"start":{"line":34,"column":17},"end":{"line":34,"column":21}}]},"7":{"loc":{"start":{"line":38,"column":14},"end":{"line":38,"column":23}},"type":"cond-expr","locations":[{"start":{"line":38,"column":22},"end":{"line":38,"column":23}},{"start":{"line":38,"column":22},"end":{"line":38,"column":23}}]},"8":{"loc":{"start":{"line":38,"column":14},"end":{"line":38,"column":22}},"type":"binary-expr","locations":[{"start":{"line":38,"column":14},"end":{"line":38,"column":23}},{"start":{"line":38,"column":14},"end":{"line":38,"column":22}}]}},"s":{"0":9,"1":9,"2":9,"3":9,"4":9,"5":9,"6":9,"7":9,"8":9,"9":9,"10":9,"11":9,"12":9,"13":9,"14":9,"15":9,"16":0,"17":0,"18":9},"f":{"0":9,"1":0,"2":0},"b":{"0":[9,9],"1":[9,0],"2":[9,9],"3":[9,0],"4":[9,9],"5":[9,0],"6":[9,9],"7":[3,6],"8":[9,3]}}
,"/Users/maxuser/Documents/projects/snap_net_tk/src/database/migrations/1765228285554-CreateDepartment.ts": {"path":"/Users/maxuser/Documents/projects/snap_net_tk/src/database/migrations/1765228285554-CreateDepartment.ts","statementMap":{"0":{"start":{"line":6,"column":8},"end":{"line":15,"column":10}},"1":{"start":{"line":19,"column":8},"end":{"line":19,"column":89}},"2":{"start":{"line":20,"column":8},"end":{"line":20,"column":62}},"3":{"start":{"line":3,"column":0},"end":{"line":3,"column":13}}},"fnMap":{"0":{"name":"(anonymous_0)","decl":{"start":{"line":5,"column":11},"end":{"line":5,"column":16}},"loc":{"start":{"line":5,"column":44},"end":{"line":16,"column":5}}},"1":{"name":"(anonymous_1)","decl":{"start":{"line":18,"column":11},"end":{"line":18,"column":16}},"loc":{"start":{"line":18,"column":46},"end":{"line":21,"column":5}}}},"branchMap":{},"s":{"0":0,"1":0,"2":0,"3":0},"f":{"0":0,"1":0},"b":{}}
,"/Users/maxuser/Documents/projects/snap_net_tk/src/database/migrations/1765228286190-CreateEmployee.ts": {"path":"/Users/maxuser/Documents/projects/snap_net_tk/src/database/migrations/1765228286190-CreateEmployee.ts","statementMap":{"0":{"start":{"line":6,"column":8},"end":{"line":20,"column":10}},"1":{"start":{"line":21,"column":8},"end":{"line":23,"column":10}},"2":{"start":{"line":27,"column":8},"end":{"line":27,"column":108}},"3":{"start":{"line":28,"column":8},"end":{"line":28,"column":86}},"4":{"start":{"line":29,"column":8},"end":{"line":29,"column":94}},"5":{"start":{"line":30,"column":8},"end":{"line":30,"column":60}},"6":{"start":{"line":3,"column":0},"end":{"line":3,"column":13}}},"fnMap":{"0":{"name":"(anonymous_0)","decl":{"start":{"line":5,"column":11},"end":{"line":5,"column":16}},"loc":{"start":{"line":5,"column":44},"end":{"line":24,"column":5}}},"1":{"name":"(anonymous_1)","decl":{"start":{"line":26,"column":11},"end":{"line":26,"column":16}},"loc":{"start":{"line":26,"column":46},"end":{"line":31,"column":5}}}},"branchMap":{},"s":{"0":0,"1":0,"2":0,"3":0,"4":0,"5":0,"6":0},"f":{"0":0,"1":0},"b":{}}
,"/Users/maxuser/Documents/projects/snap_net_tk/src/database/migrations/1765228287205-CreateLeaveRequest.ts": {"path":"/Users/maxuser/Documents/projects/snap_net_tk/src/database/migrations/1765228287205-CreateLeaveRequest.ts","statementMap":{"0":{"start":{"line":6,"column":8},"end":{"line":21,"column":10}},"1":{"start":{"line":22,"column":8},"end":{"line":24,"column":10}},"2":{"start":{"line":28,"column":8},"end":{"line":28,"column":116}},"3":{"start":{"line":29,"column":8},"end":{"line":29,"column":97}},"4":{"start":{"line":30,"column":8},"end":{"line":30,"column":98}},"5":{"start":{"line":31,"column":8},"end":{"line":31,"column":102}},"6":{"start":{"line":32,"column":8},"end":{"line":32,"column":65}},"7":{"start":{"line":3,"column":0},"end":{"line":3,"column":13}}},"fnMap":{"0":{"name":"(anonymous_0)","decl":{"start":{"line":5,"column":11},"end":{"line":5,"column":16}},"loc":{"start":{"line":5,"column":44},"end":{"line":25,"column":5}}},"1":{"name":"(anonymous_1)","decl":{"start":{"line":27,"column":11},"end":{"line":27,"column":16}},"loc":{"start":{"line":27,"column":46},"end":{"line":33,"column":5}}}},"branchMap":{},"s":{"0":0,"1":0,"2":0,"3":0,"4":0,"5":0,"6":0,"7":0},"f":{"0":0,"1":0},"b":{}}
,"/Users/maxuser/Documents/projects/snap_net_tk/src/health/health.controller.ts": {"path":"/Users/maxuser/Documents/projects/snap_net_tk/src/health/health.controller.ts","statementMap":{"0":{"start":{"line":1,"column":0},"end":{"line":1,"column":49}},"1":{"start":{"line":2,"column":0},"end":{"line":2,"column":37}},"2":{"start":{"line":3,"column":0},"end":{"line":3,"column":83}},"3":{"start":{"line":4,"column":0},"end":{"line":4,"column":47}},"4":{"start":{"line":5,"column":0},"end":{"line":5,"column":63}},"5":{"start":{"line":9,"column":7},"end":{"line":47,"column":null}},"6":{"start":{"line":13,"column":25},"end":{"line":13,"column":37}},"7":{"start":{"line":14,"column":25},"end":{"line":14,"column":40}},"8":{"start":{"line":16,"column":8},"end":{"line":22,"column":11}},"9":{"start":{"line":27,"column":25},"end":{"line":27,"column":70}},"10":{"start":{"line":28,"column":26},"end":{"line":28,"column":35}},"11":{"start":{"line":30,"column":8},"end":{"line":36,"column":9}},"12":{"start":{"line":31,"column":12},"end":{"line":31,"column":43}},"13":{"start":{"line":32,"column":12},"end":{"line":32,"column":31}},"14":{"start":{"line":33,"column":12},"end":{"line":33,"column":35}},"15":{"start":{"line":35,"column":12},"end":{"line":35,"column":33}},"16":{"start":{"line":38,"column":8},"end":{"line":45,"column":10}},"17":{"start":{"line":9,"column":13},"end":{"line":9,"column":29}},"18":{"start":{"line":26,"column":10},"end":{"line":46,"column":null}},"19":{"start":{"line":9,"column":13},"end":{"line":47,"column":null}}},"fnMap":{"0":{"name":"(anonymous_2)","decl":{"start":{"line":12,"column":4},"end":{"line":12,"column":null}},"loc":{"start":{"line":14,"column":53},"end":{"line":23,"column":5}}},"1":{"name":"(anonymous_3)","decl":{"start":{"line":26,"column":10},"end":{"line":26,"column":15}},"loc":{"start":{"line":26,"column":15},"end":{"line":46,"column":5}}}},"branchMap":{"0":{"loc":{"start":{"line":27,"column":25},"end":{"line":27,"column":70}},"type":"cond-expr","locations":[{"start":{"line":27,"column":57},"end":{"line":27,"column":61}},{"start":{"line":27,"column":64},"end":{"line":27,"column":70}}]},"1":{"loc":{"start":{"line":13,"column":37},"end":{"line":13,"column":null}},"type":"cond-expr","locations":[{"start":{"line":13,"column":47},"end":{"line":13,"column":null}},{"start":{"line":13,"column":47},"end":{"line":13,"column":null}}]},"2":{"loc":{"start":{"line":13,"column":37},"end":{"line":13,"column":47}},"type":"binary-expr","locations":[{"start":{"line":13,"column":37},"end":{"line":13,"column":null}},{"start":{"line":13,"column":37},"end":{"line":13,"column":47}}]},"3":{"loc":{"start":{"line":13,"column":47},"end":{"line":14,"column":null}},"type":"cond-expr","locations":[{"start":{"line":14,"column":53},"end":{"line":14,"column":null}},{"start":{"line":14,"column":53},"end":{"line":14,"column":null}}]},"4":{"loc":{"start":{"line":13,"column":47},"end":{"line":14,"column":53}},"type":"binary-expr","locations":[{"start":{"line":13,"column":47},"end":{"line":14,"column":null}},{"start":{"line":14,"column":40},"end":{"line":14,"column":53}}]}},"s":{"0":0,"1":0,"2":0,"3":0,"4":0,"5":0,"6":0,"7":0,"8":0,"9":0,"10":0,"11":0,"12":0,"13":0,"14":0,"15":0,"16":0,"17":0,"18":0,"19":0},"f":{"0":0,"1":0},"b":{"0":[0,0],"1":[0,0],"2":[0,0],"3":[0,0],"4":[0,0]}}
,"/Users/maxuser/Documents/projects/snap_net_tk/src/modules/auth/auth.controller.ts": {"path":"/Users/maxuser/Documents/projects/snap_net_tk/src/modules/auth/auth.controller.ts","statementMap":{"0":{"start":{"line":2,"column":0},"end":{"line":2,"column":79}},"1":{"start":{"line":3,"column":0},"end":{"line":3,"column":45}},"2":{"start":{"line":4,"column":0},"end":{"line":4,"column":66}},"3":{"start":{"line":5,"column":0},"end":{"line":5,"column":63}},"4":{"start":{"line":6,"column":0},"end":{"line":6,"column":72}},"5":{"start":{"line":7,"column":0},"end":{"line":7,"column":60}},"6":{"start":{"line":10,"column":7},"end":{"line":36,"column":null}},"7":{"start":{"line":12,"column":16},"end":{"line":12,"column":29}},"8":{"start":{"line":13,"column":16},"end":{"line":13,"column":33}},"9":{"start":{"line":20,"column":8},"end":{"line":22,"column":9}},"10":{"start":{"line":21,"column":12},"end":{"line":21,"column":79}},"11":{"start":{"line":23,"column":21},"end":{"line":23,"column":81}},"12":{"start":{"line":24,"column":8},"end":{"line":26,"column":9}},"13":{"start":{"line":25,"column":12},"end":{"line":25,"column":67}},"14":{"start":{"line":27,"column":8},"end":{"line":27,"column":44}},"15":{"start":{"line":33,"column":25},"end":{"line":33,"column":77}},"16":{"start":{"line":34,"column":8},"end":{"line":34,"column":79}},"17":{"start":{"line":10,"column":13},"end":{"line":10,"column":27}},"18":{"start":{"line":18,"column":10},"end":{"line":28,"column":null}},"19":{"start":{"line":32,"column":10},"end":{"line":35,"column":null}},"20":{"start":{"line":10,"column":13},"end":{"line":36,"column":null}}},"fnMap":{"0":{"name":"(anonymous_4)","decl":{"start":{"line":11,"column":4},"end":{"line":11,"column":null}},"loc":{"start":{"line":13,"column":48},"end":{"line":14,"column":9}}},"1":{"name":"(anonymous_5)","decl":{"start":{"line":18,"column":10},"end":{"line":18,"column":15}},"loc":{"start":{"line":18,"column":32},"end":{"line":28,"column":5}}},"2":{"name":"(anonymous_6)","decl":{"start":{"line":32,"column":10},"end":{"line":32,"column":18}},"loc":{"start":{"line":32,"column":63},"end":{"line":35,"column":5}}}},"branchMap":{"0":{"loc":{"start":{"line":20,"column":8},"end":{"line":22,"column":9}},"type":"if","locations":[{"start":{"line":20,"column":8},"end":{"line":22,"column":9}},{"start":{},"end":{}}]},"1":{"loc":{"start":{"line":20,"column":12},"end":{"line":20,"column":39}},"type":"binary-expr","locations":[{"start":{"line":20,"column":12},"end":{"line":20,"column":22}},{"start":{"line":20,"column":26},"end":{"line":20,"column":39}}]},"2":{"loc":{"start":{"line":24,"column":8},"end":{"line":26,"column":9}},"type":"if","locations":[{"start":{"line":24,"column":8},"end":{"line":26,"column":9}},{"start":{},"end":{}}]},"3":{"loc":{"start":{"line":32,"column":46},"end":{"line":32,"column":null}},"type":"cond-expr","locations":[{"start":{"line":32,"column":63},"end":{"line":32,"column":null}},{"start":{"line":32,"column":63},"end":{"line":32,"column":null}}]},"4":{"loc":{"start":{"line":32,"column":46},"end":{"line":32,"column":63}},"type":"binary-expr","locations":[{"start":{"line":32,"column":46},"end":{"line":32,"column":null}},{"start":{"line":32,"column":46},"end":{"line":32,"column":63}}]},"5":{"loc":{"start":{"line":12,"column":29},"end":{"line":12,"column":null}},"type":"cond-expr","locations":[{"start":{"line":12,"column":40},"end":{"line":12,"column":null}},{"start":{"line":12,"column":40},"end":{"line":12,"column":null}}]},"6":{"loc":{"start":{"line":12,"column":29},"end":{"line":12,"column":40}},"type":"binary-expr","locations":[{"start":{"line":12,"column":29},"end":{"line":12,"column":null}},{"start":{"line":12,"column":29},"end":{"line":12,"column":40}}]},"7":{"loc":{"start":{"line":12,"column":40},"end":{"line":13,"column":null}},"type":"cond-expr","locations":[{"start":{"line":13,"column":48},"end":{"line":13,"column":null}},{"start":{"line":13,"column":48},"end":{"line":13,"column":null}}]},"8":{"loc":{"start":{"line":12,"column":40},"end":{"line":13,"column":48}},"type":"binary-expr","locations":[{"start":{"line":12,"column":40},"end":{"line":13,"column":null}},{"start":{"line":13,"column":33},"end":{"line":13,"column":48}}]}},"s":{"0":1,"1":1,"2":1,"3":1,"4":1,"5":1,"6":1,"7":4,"8":4,"9":3,"10":1,"11":2,"12":2,"13":1,"14":1,"15":0,"16":0,"17":1,"18":1,"19":1,"20":1},"f":{"0":4,"1":3,"2":0},"b":{"0":[1,2],"1":[3,2],"2":[1,1],"3":[1,0],"4":[1,1],"5":[1,0],"6":[1,1],"7":[1,0],"8":[1,1]}}
,"/Users/maxuser/Documents/projects/snap_net_tk/src/modules/auth/auth.module.ts": {"path":"/Users/maxuser/Documents/projects/snap_net_tk/src/modules/auth/auth.module.ts","statementMap":{"0":{"start":{"line":1,"column":0},"end":{"line":1,"column":40}},"1":{"start":{"line":2,"column":0},"end":{"line":2,"column":45}},"2":{"start":{"line":3,"column":0},"end":{"line":3,"column":51}},"3":{"start":{"line":4,"column":0},"end":{"line":4,"column":61}},"4":{"start":{"line":5,"column":0},"end":{"line":5,"column":50}},"5":{"start":{"line":6,"column":0},"end":{"line":6,"column":40}},"6":{"start":{"line":7,"column":0},"end":{"line":7,"column":61}},"7":{"start":{"line":8,"column":0},"end":{"line":8,"column":45}},"8":{"start":{"line":27,"column":7},"end":{"line":27,"column":null}},"9":{"start":{"line":27,"column":13},"end":{"line":27,"column":23}},"10":{"start":{"line":27,"column":13},"end":{"line":27,"column":null}},"11":{"start":{"line":16,"column":59},"end":{"line":19,"column":8}}},"fnMap":{"0":{"name":"(anonymous_1)","decl":{"start":{"line":16,"column":18},"end":{"line":16,"column":23}},"loc":{"start":{"line":16,"column":59},"end":{"line":19,"column":8}}}},"branchMap":{"0":{"loc":{"start":{"line":17,"column":16},"end":{"line":17,"column":70}},"type":"binary-expr","locations":[{"start":{"line":17,"column":16},"end":{"line":17,"column":55}},{"start":{"line":17,"column":59},"end":{"line":17,"column":70}}]}},"s":{"0":0,"1":0,"2":0,"3":0,"4":0,"5":0,"6":0,"7":0,"8":0,"9":0,"10":0,"11":0},"f":{"0":0},"b":{"0":[0,0]}}
,"/Users/maxuser/Documents/projects/snap_net_tk/src/modules/auth/auth.service.ts": {"path":"/Users/maxuser/Documents/projects/snap_net_tk/src/modules/auth/auth.service.ts","statementMap":{"0":{"start":{"line":2,"column":0},"end":{"line":2,"column":67}},"1":{"start":{"line":3,"column":0},"end":{"line":3,"column":41}},"2":{"start":{"line":4,"column":0},"end":{"line":4,"column":69}},"3":{"start":{"line":5,"column":0},"end":{"line":5,"column":33}},"4":{"start":{"line":8,"column":7},"end":{"line":33,"column":null}},"5":{"start":{"line":10,"column":16},"end":{"line":10,"column":36}},"6":{"start":{"line":11,"column":16},"end":{"line":11,"column":28}},"7":{"start":{"line":15,"column":25},"end":{"line":18,"column":10}},"8":{"start":{"line":20,"column":8},"end":{"line":23,"column":9}},"9":{"start":{"line":21,"column":44},"end":{"line":21,"column":52}},"10":{"start":{"line":22,"column":12},"end":{"line":22,"column":26}},"11":{"start":{"line":24,"column":8},"end":{"line":24,"column":20}},"12":{"start":{"line":28,"column":24},"end":{"line":28,"column":76}},"13":{"start":{"line":29,"column":8},"end":{"line":31,"column":10}},"14":{"start":{"line":8,"column":13},"end":{"line":8,"column":24}},"15":{"start":{"line":8,"column":13},"end":{"line":33,"column":null}}},"fnMap":{"0":{"name":"(anonymous_11)","decl":{"start":{"line":9,"column":4},"end":{"line":9,"column":null}},"loc":{"start":{"line":11,"column":38},"end":{"line":12,"column":9}}},"1":{"name":"(anonymous_12)","decl":{"start":{"line":14,"column":4},"end":{"line":14,"column":9}},"loc":{"start":{"line":14,"column":50},"end":{"line":25,"column":5}}},"2":{"name":"(anonymous_13)","decl":{"start":{"line":27,"column":4},"end":{"line":27,"column":9}},"loc":{"start":{"line":27,"column":25},"end":{"line":32,"column":5}}}},"branchMap":{"0":{"loc":{"start":{"line":20,"column":8},"end":{"line":23,"column":9}},"type":"if","locations":[{"start":{"line":20,"column":8},"end":{"line":23,"column":9}},{"start":{},"end":{}}]},"1":{"loc":{"start":{"line":20,"column":12},"end":{"line":20,"column":90}},"type":"binary-expr","locations":[{"start":{"line":20,"column":12},"end":{"line":20,"column":20}},{"start":{"line":20,"column":24},"end":{"line":20,"column":41}},{"start":{"line":20,"column":45},"end":{"line":20,"column":90}}]},"2":{"loc":{"start":{"line":10,"column":36},"end":{"line":10,"column":null}},"type":"cond-expr","locations":[{"start":{"line":10,"column":54},"end":{"line":10,"column":null}},{"start":{"line":10,"column":54},"end":{"line":10,"column":null}}]},"3":{"loc":{"start":{"line":10,"column":36},"end":{"line":10,"column":54}},"type":"binary-expr","locations":[{"start":{"line":10,"column":36},"end":{"line":10,"column":null}},{"start":{"line":10,"column":36},"end":{"line":10,"column":54}}]},"4":{"loc":{"start":{"line":10,"column":54},"end":{"line":11,"column":null}},"type":"cond-expr","locations":[{"start":{"line":11,"column":38},"end":{"line":11,"column":null}},{"start":{"line":11,"column":38},"end":{"line":11,"column":null}}]},"5":{"loc":{"start":{"line":10,"column":54},"end":{"line":11,"column":38}},"type":"binary-expr","locations":[{"start":{"line":10,"column":54},"end":{"line":11,"column":null}},{"start":{"line":11,"column":28},"end":{"line":11,"column":38}}]}},"s":{"0":2,"1":2,"2":2,"3":2,"4":2,"5":4,"6":4,"7":3,"8":3,"9":1,"10":1,"11":2,"12":1,"13":1,"14":2,"15":2},"f":{"0":4,"1":3,"2":1},"b":{"0":[1,2],"1":[3,2,2],"2":[2,0],"3":[2,2],"4":[2,0],"5":[2,2]}}
,"/Users/maxuser/Documents/projects/snap_net_tk/src/modules/auth/jwt.strategy.ts": {"path":"/Users/maxuser/Documents/projects/snap_net_tk/src/modules/auth/jwt.strategy.ts","statementMap":{"0":{"start":{"line":2,"column":0},"end":{"line":2,"column":52}},"1":{"start":{"line":3,"column":0},"end":{"line":3,"column":52}},"2":{"start":{"line":4,"column":0},"end":{"line":4,"column":44}},"3":{"start":{"line":5,"column":0},"end":{"line":5,"column":47}},"4":{"start":{"line":8,"column":7},"end":{"line":20,"column":null}},"5":{"start":{"line":10,"column":8},"end":{"line":14,"column":11}},"6":{"start":{"line":18,"column":8},"end":{"line":18,"column":81}},"7":{"start":{"line":8,"column":13},"end":{"line":8,"column":24}},"8":{"start":{"line":8,"column":13},"end":{"line":20,"column":null}}},"fnMap":{"0":{"name":"(anonymous_2)","decl":{"start":{"line":9,"column":4},"end":{"line":9,"column":16}},"loc":{"start":{"line":9,"column":44},"end":{"line":15,"column":5}}},"1":{"name":"(anonymous_3)","decl":{"start":{"line":17,"column":4},"end":{"line":17,"column":9}},"loc":{"start":{"line":17,"column":31},"end":{"line":19,"column":5}}}},"branchMap":{"0":{"loc":{"start":{"line":13,"column":25},"end":{"line":13,"column":79}},"type":"binary-expr","locations":[{"start":{"line":13,"column":25},"end":{"line":13,"column":64}},{"start":{"line":13,"column":68},"end":{"line":13,"column":79}}]},"1":{"loc":{"start":{"line":9,"column":31},"end":{"line":9,"column":null}},"type":"cond-expr","locations":[{"start":{"line":9,"column":44},"end":{"line":9,"column":null}},{"start":{"line":9,"column":44},"end":{"line":9,"column":null}}]},"2":{"loc":{"start":{"line":9,"column":31},"end":{"line":9,"column":44}},"type":"binary-expr","locations":[{"start":{"line":9,"column":31},"end":{"line":9,"column":null}},{"start":{"line":9,"column":31},"end":{"line":9,"column":44}}]}},"s":{"0":0,"1":0,"2":0,"3":0,"4":0,"5":0,"6":0,"7":0,"8":0},"f":{"0":0,"1":0},"b":{"0":[0,0],"1":[0,0],"2":[0,0]}}
,"/Users/maxuser/Documents/projects/snap_net_tk/src/modules/department/department.controller.ts": {"path":"/Users/maxuser/Documents/projects/snap_net_tk/src/modules/department/department.controller.ts","statementMap":{"0":{"start":{"line":1,"column":0},"end":{"line":1,"column":90}},"1":{"start":{"line":2,"column":0},"end":{"line":2,"column":57}},"2":{"start":{"line":3,"column":0},"end":{"line":3,"column":66}},"3":{"start":{"line":4,"column":0},"end":{"line":4,"column":66}},"4":{"start":{"line":5,"column":0},"end":{"line":5,"column":60}},"5":{"start":{"line":6,"column":0},"end":{"line":6,"column":64}},"6":{"start":{"line":7,"column":0},"end":{"line":7,"column":64}},"7":{"start":{"line":8,"column":0},"end":{"line":8,"column":71}},"8":{"start":{"line":9,"column":0},"end":{"line":9,"column":66}},"9":{"start":{"line":12,"column":7},"end":{"line":50,"column":null}},"10":{"start":{"line":13,"column":33},"end":{"line":13,"column":52}},"11":{"start":{"line":18,"column":27},"end":{"line":18,"column":83}},"12":{"start":{"line":19,"column":8},"end":{"line":19,"column":84}},"13":{"start":{"line":25,"column":41},"end":{"line":25,"column":54}},"14":{"start":{"line":26,"column":23},"end":{"line":26,"column":72}},"15":{"start":{"line":27,"column":8},"end":{"line":27,"column":99}},"16":{"start":{"line":33,"column":27},"end":{"line":33,"column":67}},"17":{"start":{"line":34,"column":8},"end":{"line":34,"column":84}},"18":{"start":{"line":40,"column":27},"end":{"line":40,"column":87}},"19":{"start":{"line":41,"column":8},"end":{"line":41,"column":84}},"20":{"start":{"line":47,"column":8},"end":{"line":47,"column":48}},"21":{"start":{"line":48,"column":8},"end":{"line":48,"column":72}},"22":{"start":{"line":12,"column":13},"end":{"line":12,"column":33}},"23":{"start":{"line":17,"column":10},"end":{"line":20,"column":null}},"24":{"start":{"line":24,"column":10},"end":{"line":28,"column":null}},"25":{"start":{"line":32,"column":10},"end":{"line":35,"column":null}},"26":{"start":{"line":39,"column":10},"end":{"line":42,"column":null}},"27":{"start":{"line":46,"column":10},"end":{"line":49,"column":null}},"28":{"start":{"line":12,"column":13},"end":{"line":50,"column":null}}},"fnMap":{"0":{"name":"(anonymous_4)","decl":{"start":{"line":13,"column":4},"end":{"line":13,"column":33}},"loc":{"start":{"line":13,"column":69},"end":{"line":13,"column":74}}},"1":{"name":"(anonymous_5)","decl":{"start":{"line":17,"column":10},"end":{"line":17,"column":16}},"loc":{"start":{"line":17,"column":65},"end":{"line":20,"column":5}}},"2":{"name":"(anonymous_6)","decl":{"start":{"line":24,"column":10},"end":{"line":24,"column":17}},"loc":{"start":{"line":24,"column":55},"end":{"line":28,"column":5}}},"3":{"name":"(anonymous_7)","decl":{"start":{"line":32,"column":10},"end":{"line":32,"column":17}},"loc":{"start":{"line":32,"column":41},"end":{"line":35,"column":5}}},"4":{"name":"(anonymous_8)","decl":{"start":{"line":39,"column":10},"end":{"line":39,"column":16}},"loc":{"start":{"line":39,"column":90},"end":{"line":42,"column":5}}},"5":{"name":"(anonymous_9)","decl":{"start":{"line":46,"column":10},"end":{"line":46,"column":16}},"loc":{"start":{"line":46,"column":40},"end":{"line":49,"column":5}}}},"branchMap":{"0":{"loc":{"start":{"line":25,"column":16},"end":{"line":25,"column":24}},"type":"default-arg","locations":[{"start":{"line":25,"column":23},"end":{"line":25,"column":24}}]},"1":{"loc":{"start":{"line":25,"column":26},"end":{"line":25,"column":36}},"type":"default-arg","locations":[{"start":{"line":25,"column":34},"end":{"line":25,"column":36}}]},"2":{"loc":{"start":{"line":17,"column":46},"end":{"line":17,"column":null}},"type":"cond-expr","locations":[{"start":{"line":17,"column":65},"end":{"line":17,"column":null}},{"start":{"line":17,"column":65},"end":{"line":17,"column":null}}]},"3":{"loc":{"start":{"line":17,"column":46},"end":{"line":17,"column":65}},"type":"binary-expr","locations":[{"start":{"line":17,"column":46},"end":{"line":17,"column":null}},{"start":{"line":17,"column":46},"end":{"line":17,"column":65}}]},"4":{"loc":{"start":{"line":24,"column":42},"end":{"line":24,"column":null}},"type":"cond-expr","locations":[{"start":{"line":24,"column":55},"end":{"line":24,"column":null}},{"start":{"line":24,"column":55},"end":{"line":24,"column":null}}]},"5":{"loc":{"start":{"line":24,"column":42},"end":{"line":24,"column":55}},"type":"binary-expr","locations":[{"start":{"line":24,"column":42},"end":{"line":24,"column":null}},{"start":{"line":24,"column":42},"end":{"line":24,"column":55}}]},"6":{"loc":{"start":{"line":39,"column":71},"end":{"line":39,"column":null}},"type":"cond-expr","locations":[{"start":{"line":39,"column":90},"end":{"line":39,"column":null}},{"start":{"line":39,"column":90},"end":{"line":39,"column":null}}]},"7":{"loc":{"start":{"line":39,"column":71},"end":{"line":39,"column":90}},"type":"binary-expr","locations":[{"start":{"line":39,"column":71},"end":{"line":39,"column":null}},{"start":{"line":39,"column":71},"end":{"line":39,"column":90}}]},"8":{"loc":{"start":{"line":13,"column":52},"end":{"line":13,"column":73}},"type":"cond-expr","locations":[{"start":{"line":13,"column":69},"end":{"line":13,"column":73}},{"start":{"line":13,"column":69},"end":{"line":13,"column":73}}]},"9":{"loc":{"start":{"line":13,"column":52},"end":{"line":13,"column":69}},"type":"binary-expr","locations":[{"start":{"line":13,"column":52},"end":{"line":13,"column":73}},{"start":{"line":13,"column":52},"end":{"line":13,"column":69}}]}},"s":{"0":1,"1":1,"2":1,"3":1,"4":1,"5":1,"6":1,"7":1,"8":1,"9":1,"10":6,"11":1,"12":1,"13":1,"14":1,"15":1,"16":1,"17":1,"18":1,"19":1,"20":1,"21":1,"22":1,"23":1,"24":1,"25":1,"26":1,"27":1,"28":1},"f":{"0":6,"1":1,"2":1,"3":1,"4":1,"5":1},"b":{"0":[0],"1":[0],"2":[1,0],"3":[1,1],"4":[1,0],"5":[1,1],"6":[1,0],"7":[1,1],"8":[1,0],"9":[1,1]}}
,"/Users/maxuser/Documents/projects/snap_net_tk/src/modules/department/department.module.ts": {"path":"/Users/maxuser/Documents/projects/snap_net_tk/src/modules/department/department.module.ts","statementMap":{"0":{"start":{"line":1,"column":0},"end":{"line":1,"column":40}},"1":{"start":{"line":2,"column":0},"end":{"line":2,"column":48}},"2":{"start":{"line":3,"column":0},"end":{"line":3,"column":63}},"3":{"start":{"line":4,"column":0},"end":{"line":4,"column":57}},"4":{"start":{"line":5,"column":0},"end":{"line":5,"column":63}},"5":{"start":{"line":6,"column":0},"end":{"line":6,"column":71}},"6":{"start":{"line":14,"column":7},"end":{"line":14,"column":null}},"7":{"start":{"line":14,"column":13},"end":{"line":14,"column":29}},"8":{"start":{"line":14,"column":13},"end":{"line":14,"column":null}}},"fnMap":{},"branchMap":{},"s":{"0":0,"1":0,"2":0,"3":0,"4":0,"5":0,"6":0,"7":0,"8":0},"f":{},"b":{}}
,"/Users/maxuser/Documents/projects/snap_net_tk/src/modules/department/department.repository.ts": {"path":"/Users/maxuser/Documents/projects/snap_net_tk/src/modules/department/department.repository.ts","statementMap":{"0":{"start":{"line":1,"column":0},"end":{"line":1,"column":44}},"1":{"start":{"line":2,"column":0},"end":{"line":2,"column":49}},"2":{"start":{"line":3,"column":0},"end":{"line":3,"column":71}},"3":{"start":{"line":6,"column":7},"end":{"line":14,"column":null}},"4":{"start":{"line":8,"column":8},"end":{"line":8,"column":60}},"5":{"start":{"line":7,"column":24},"end":{"line":7,"column":36}},"6":{"start":{"line":12,"column":8},"end":{"line":12,"column":49}},"7":{"start":{"line":6,"column":13},"end":{"line":6,"column":33}},"8":{"start":{"line":6,"column":13},"end":{"line":14,"column":null}}},"fnMap":{"0":{"name":"(anonymous_2)","decl":{"start":{"line":7,"column":4},"end":{"line":7,"column":24}},"loc":{"start":{"line":7,"column":46},"end":{"line":9,"column":5}}},"1":{"name":"(anonymous_3)","decl":{"start":{"line":11,"column":4},"end":{"line":11,"column":9}},"loc":{"start":{"line":11,"column":33},"end":{"line":13,"column":5}}}},"branchMap":{"0":{"loc":{"start":{"line":7,"column":36},"end":{"line":7,"column":null}},"type":"cond-expr","locations":[{"start":{"line":7,"column":46},"end":{"line":7,"column":null}},{"start":{"line":7,"column":46},"end":{"line":7,"column":null}}]},"1":{"loc":{"start":{"line":7,"column":36},"end":{"line":7,"column":46}},"type":"binary-expr","locations":[{"start":{"line":7,"column":36},"end":{"line":7,"column":null}},{"start":{"line":7,"column":36},"end":{"line":7,"column":46}}]}},"s":{"0":5,"1":5,"2":5,"3":5,"4":0,"5":0,"6":0,"7":5,"8":5},"f":{"0":0,"1":0},"b":{"0":[5,0],"1":[5,5]}}
,"/Users/maxuser/Documents/projects/snap_net_tk/src/modules/department/department.service.ts": {"path":"/Users/maxuser/Documents/projects/snap_net_tk/src/modules/department/department.service.ts","statementMap":{"0":{"start":{"line":1,"column":0},"end":{"line":1,"column":82}},"1":{"start":{"line":2,"column":0},"end":{"line":2,"column":63}},"2":{"start":{"line":5,"column":0},"end":{"line":5,"column":72}},"3":{"start":{"line":9,"column":7},"end":{"line":69,"column":null}},"4":{"start":{"line":10,"column":33},"end":{"line":10,"column":55}},"5":{"start":{"line":13,"column":25},"end":{"line":13,"column":93}},"6":{"start":{"line":14,"column":8},"end":{"line":16,"column":9}},"7":{"start":{"line":15,"column":12},"end":{"line":15,"column":84}},"8":{"start":{"line":18,"column":27},"end":{"line":18,"column":80}},"9":{"start":{"line":19,"column":8},"end":{"line":19,"column":58}},"10":{"start":{"line":23,"column":37},"end":{"line":27,"column":10}},"11":{"start":{"line":28,"column":8},"end":{"line":28,"column":74}},"12":{"start":{"line":32,"column":27},"end":{"line":32,"column":85}},"13":{"start":{"line":33,"column":8},"end":{"line":35,"column":9}},"14":{"start":{"line":34,"column":12},"end":{"line":34,"column":78}},"15":{"start":{"line":36,"column":8},"end":{"line":36,"column":26}},"16":{"start":{"line":40,"column":27},"end":{"line":40,"column":49}},"17":{"start":{"line":41,"column":8},"end":{"line":46,"column":9}},"18":{"start":{"line":42,"column":29},"end":{"line":42,"column":97}},"19":{"start":{"line":43,"column":12},"end":{"line":45,"column":13}},"20":{"start":{"line":44,"column":16},"end":{"line":44,"column":88}},"21":{"start":{"line":47,"column":8},"end":{"line":47,"column":55}},"22":{"start":{"line":48,"column":8},"end":{"line":48,"column":58}},"23":{"start":{"line":52,"column":27},"end":{"line":55,"column":10}},"24":{"start":{"line":57,"column":8},"end":{"line":59,"column":9}},"25":{"start":{"line":58,"column":12},"end":{"line":58,"column":78}},"26":{"start":{"line":61,"column":8},"end":{"line":65,"column":9}},"27":{"start":{"line":62,"column":12},"end":{"line":64,"column":14}},"28":{"start":{"line":67,"column":8},"end":{"line":67,"column":59}},"29":{"start":{"line":9,"column":13},"end":{"line":9,"column":30}},"30":{"start":{"line":9,"column":13},"end":{"line":69,"column":null}}},"fnMap":{"0":{"name":"(anonymous_2)","decl":{"start":{"line":10,"column":4},"end":{"line":10,"column":33}},"loc":{"start":{"line":10,"column":75},"end":{"line":10,"column":80}}},"1":{"name":"(anonymous_3)","decl":{"start":{"line":12,"column":4},"end":{"line":12,"column":9}},"loc":{"start":{"line":12,"column":57},"end":{"line":20,"column":5}}},"2":{"name":"(anonymous_4)","decl":{"start":{"line":22,"column":4},"end":{"line":22,"column":9}},"loc":{"start":{"line":22,"column":45},"end":{"line":29,"column":5}}},"3":{"name":"(anonymous_5)","decl":{"start":{"line":31,"column":4},"end":{"line":31,"column":9}},"loc":{"start":{"line":31,"column":28},"end":{"line":37,"column":5}}},"4":{"name":"(anonymous_6)","decl":{"start":{"line":39,"column":4},"end":{"line":39,"column":9}},"loc":{"start":{"line":39,"column":69},"end":{"line":49,"column":5}}},"5":{"name":"(anonymous_7)","decl":{"start":{"line":51,"column":4},"end":{"line":51,"column":9}},"loc":{"start":{"line":51,"column":27},"end":{"line":68,"column":5}}}},"branchMap":{"0":{"loc":{"start":{"line":14,"column":8},"end":{"line":16,"column":9}},"type":"if","locations":[{"start":{"line":14,"column":8},"end":{"line":16,"column":9}},{"start":{},"end":{}}]},"1":{"loc":{"start":{"line":33,"column":8},"end":{"line":35,"column":9}},"type":"if","locations":[{"start":{"line":33,"column":8},"end":{"line":35,"column":9}},{"start":{},"end":{}}]},"2":{"loc":{"start":{"line":41,"column":8},"end":{"line":46,"column":9}},"type":"if","locations":[{"start":{"line":41,"column":8},"end":{"line":46,"column":9}},{"start":{},"end":{}}]},"3":{"loc":{"start":{"line":43,"column":12},"end":{"line":45,"column":13}},"type":"if","locations":[{"start":{"line":43,"column":12},"end":{"line":45,"column":13}},{"start":{},"end":{}}]},"4":{"loc":{"start":{"line":43,"column":16},"end":{"line":43,"column":46}},"type":"binary-expr","locations":[{"start":{"line":43,"column":16},"end":{"line":43,"column":24}},{"start":{"line":43,"column":28},"end":{"line":43,"column":46}}]},"5":{"loc":{"start":{"line":57,"column":8},"end":{"line":59,"column":9}},"type":"if","locations":[{"start":{"line":57,"column":8},"end":{"line":59,"column":9}},{"start":{},"end":{}}]},"6":{"loc":{"start":{"line":61,"column":8},"end":{"line":65,"column":9}},"type":"if","locations":[{"start":{"line":61,"column":8},"end":{"line":65,"column":9}},{"start":{},"end":{}}]},"7":{"loc":{"start":{"line":61,"column":12},"end":{"line":61,"column":67}},"type":"binary-expr","locations":[{"start":{"line":61,"column":12},"end":{"line":61,"column":32}},{"start":{"line":61,"column":36},"end":{"line":61,"column":67}}]},"8":{"loc":{"start":{"line":10,"column":55},"end":{"line":10,"column":79}},"type":"cond-expr","locations":[{"start":{"line":10,"column":75},"end":{"line":10,"column":79}},{"start":{"line":10,"column":75},"end":{"line":10,"column":79}}]},"9":{"loc":{"start":{"line":10,"column":55},"end":{"line":10,"column":75}},"type":"binary-expr","locations":[{"start":{"line":10,"column":55},"end":{"line":10,"column":79}},{"start":{"line":10,"column":55},"end":{"line":10,"column":75}}]}},"s":{"0":2,"1":2,"2":2,"3":2,"4":1,"5":0,"6":0,"7":0,"8":0,"9":0,"10":0,"11":0,"12":0,"13":0,"14":0,"15":0,"16":0,"17":0,"18":0,"19":0,"20":0,"21":0,"22":0,"23":0,"24":0,"25":0,"26":0,"27":0,"28":0,"29":2,"30":2},"f":{"0":1,"1":0,"2":0,"3":0,"4":0,"5":0},"b":{"0":[0,0],"1":[0,0],"2":[0,0],"3":[0,0],"4":[0,0],"5":[0,0],"6":[0,0],"7":[0,0],"8":[2,0],"9":[2,2]}}
,"/Users/maxuser/Documents/projects/snap_net_tk/src/modules/department/dto/create-department.dto.ts": {"path":"/Users/maxuser/Documents/projects/snap_net_tk/src/modules/department/dto/create-department.dto.ts","statementMap":{"0":{"start":{"line":1,"column":0},"end":{"line":1,"column":63}},"1":{"start":{"line":3,"column":0},"end":{"line":3,"column":13}},"2":{"start":{"line":7,"column":4},"end":{"line":7,"column":null}}},"fnMap":{},"branchMap":{},"s":{"0":1,"1":1,"2":1},"f":{},"b":{}}
,"/Users/maxuser/Documents/projects/snap_net_tk/src/modules/department/dto/update-department.dto.ts": {"path":"/Users/maxuser/Documents/projects/snap_net_tk/src/modules/department/dto/update-department.dto.ts","statementMap":{"0":{"start":{"line":1,"column":0},"end":{"line":1,"column":75}},"1":{"start":{"line":3,"column":0},"end":{"line":3,"column":13}},"2":{"start":{"line":8,"column":4},"end":{"line":8,"column":null}}},"fnMap":{},"branchMap":{},"s":{"0":1,"1":1,"2":1},"f":{},"b":{}}
,"/Users/maxuser/Documents/projects/snap_net_tk/src/modules/employee/employee.controller.ts": {"path":"/Users/maxuser/Documents/projects/snap_net_tk/src/modules/employee/employee.controller.ts","statementMap":{"0":{"start":{"line":1,"column":0},"end":{"line":1,"column":90}},"1":{"start":{"line":2,"column":0},"end":{"line":2,"column":53}},"2":{"start":{"line":3,"column":0},"end":{"line":3,"column":62}},"3":{"start":{"line":4,"column":0},"end":{"line":4,"column":62}},"4":{"start":{"line":5,"column":0},"end":{"line":5,"column":64}},"5":{"start":{"line":6,"column":0},"end":{"line":6,"column":60}},"6":{"start":{"line":7,"column":0},"end":{"line":7,"column":64}},"7":{"start":{"line":8,"column":0},"end":{"line":8,"column":71}},"8":{"start":{"line":11,"column":7},"end":{"line":58,"column":null}},"9":{"start":{"line":12,"column":33},"end":{"line":12,"column":50}},"10":{"start":{"line":17,"column":41},"end":{"line":17,"column":54}},"11":{"start":{"line":18,"column":23},"end":{"line":18,"column":70}},"12":{"start":{"line":19,"column":8},"end":{"line":19,"column":97}},"13":{"start":{"line":25,"column":25},"end":{"line":25,"column":77}},"14":{"start":{"line":26,"column":8},"end":{"line":26,"column":80}},"15":{"start":{"line":31,"column":25},"end":{"line":31,"column":63}},"16":{"start":{"line":32,"column":8},"end":{"line":32,"column":80}},"17":{"start":{"line":37,"column":25},"end":{"line":37,"column":81}},"18":{"start":{"line":38,"column":8},"end":{"line":38,"column":80}},"19":{"start":{"line":44,"column":8},"end":{"line":44,"column":46}},"20":{"start":{"line":45,"column":8},"end":{"line":45,"column":70}},"21":{"start":{"line":54,"column":41},"end":{"line":54,"column":54}},"22":{"start":{"line":55,"column":23},"end":{"line":55,"column":93}},"23":{"start":{"line":56,"column":8},"end":{"line":56,"column":97}},"24":{"start":{"line":11,"column":13},"end":{"line":11,"column":31}},"25":{"start":{"line":16,"column":10},"end":{"line":20,"column":null}},"26":{"start":{"line":24,"column":10},"end":{"line":27,"column":null}},"27":{"start":{"line":30,"column":10},"end":{"line":33,"column":null}},"28":{"start":{"line":36,"column":10},"end":{"line":39,"column":null}},"29":{"start":{"line":43,"column":10},"end":{"line":46,"column":null}},"30":{"start":{"line":50,"column":10},"end":{"line":57,"column":null}},"31":{"start":{"line":11,"column":13},"end":{"line":58,"column":null}}},"fnMap":{"0":{"name":"(anonymous_4)","decl":{"start":{"line":12,"column":4},"end":{"line":12,"column":33}},"loc":{"start":{"line":12,"column":65},"end":{"line":12,"column":70}}},"1":{"name":"(anonymous_5)","decl":{"start":{"line":16,"column":10},"end":{"line":16,"column":17}},"loc":{"start":{"line":16,"column":55},"end":{"line":20,"column":5}}},"2":{"name":"(anonymous_6)","decl":{"start":{"line":24,"column":10},"end":{"line":24,"column":16}},"loc":{"start":{"line":24,"column":61},"end":{"line":27,"column":5}}},"3":{"name":"(anonymous_7)","decl":{"start":{"line":30,"column":10},"end":{"line":30,"column":17}},"loc":{"start":{"line":30,"column":41},"end":{"line":33,"column":5}}},"4":{"name":"(anonymous_8)","decl":{"start":{"line":36,"column":10},"end":{"line":36,"column":16}},"loc":{"start":{"line":36,"column":86},"end":{"line":39,"column":5}}},"5":{"name":"(anonymous_9)","decl":{"start":{"line":43,"column":10},"end":{"line":43,"column":16}},"loc":{"start":{"line":43,"column":40},"end":{"line":46,"column":5}}},"6":{"name":"(anonymous_10)","decl":{"start":{"line":50,"column":10},"end":{"line":50,"column":26}},"loc":{"start":{"line":52,"column":45},"end":{"line":57,"column":5}}}},"branchMap":{"0":{"loc":{"start":{"line":17,"column":16},"end":{"line":17,"column":24}},"type":"default-arg","locations":[{"start":{"line":17,"column":23},"end":{"line":17,"column":24}}]},"1":{"loc":{"start":{"line":17,"column":26},"end":{"line":17,"column":36}},"type":"default-arg","locations":[{"start":{"line":17,"column":34},"end":{"line":17,"column":36}}]},"2":{"loc":{"start":{"line":54,"column":16},"end":{"line":54,"column":24}},"type":"default-arg","locations":[{"start":{"line":54,"column":23},"end":{"line":54,"column":24}}]},"3":{"loc":{"start":{"line":54,"column":26},"end":{"line":54,"column":36}},"type":"default-arg","locations":[{"start":{"line":54,"column":34},"end":{"line":54,"column":36}}]},"4":{"loc":{"start":{"line":16,"column":42},"end":{"line":16,"column":null}},"type":"cond-expr","locations":[{"start":{"line":16,"column":55},"end":{"line":16,"column":null}},{"start":{"line":16,"column":55},"end":{"line":16,"column":null}}]},"5":{"loc":{"start":{"line":16,"column":42},"end":{"line":16,"column":55}},"type":"binary-expr","locations":[{"start":{"line":16,"column":42},"end":{"line":16,"column":null}},{"start":{"line":16,"column":42},"end":{"line":16,"column":55}}]},"6":{"loc":{"start":{"line":24,"column":44},"end":{"line":24,"column":null}},"type":"cond-expr","locations":[{"start":{"line":24,"column":61},"end":{"line":24,"column":null}},{"start":{"line":24,"column":61},"end":{"line":24,"column":null}}]},"7":{"loc":{"start":{"line":24,"column":44},"end":{"line":24,"column":61}},"type":"binary-expr","locations":[{"start":{"line":24,"column":44},"end":{"line":24,"column":null}},{"start":{"line":24,"column":44},"end":{"line":24,"column":61}}]},"8":{"loc":{"start":{"line":36,"column":69},"end":{"line":36,"column":null}},"type":"cond-expr","locations":[{"start":{"line":36,"column":86},"end":{"line":36,"column":null}},{"start":{"line":36,"column":86},"end":{"line":36,"column":null}}]},"9":{"loc":{"start":{"line":36,"column":69},"end":{"line":36,"column":86}},"type":"binary-expr","locations":[{"start":{"line":36,"column":69},"end":{"line":36,"column":null}},{"start":{"line":36,"column":69},"end":{"line":36,"column":86}}]},"10":{"loc":{"start":{"line":52,"column":32},"end":{"line":52,"column":null}},"type":"cond-expr","locations":[{"start":{"line":52,"column":45},"end":{"line":52,"column":null}},{"start":{"line":52,"column":45},"end":{"line":52,"column":null}}]},"11":{"loc":{"start":{"line":52,"column":32},"end":{"line":52,"column":45}},"type":"binary-expr","locations":[{"start":{"line":52,"column":32},"end":{"line":52,"column":null}},{"start":{"line":52,"column":32},"end":{"line":52,"column":45}}]},"12":{"loc":{"start":{"line":12,"column":50},"end":{"line":12,"column":69}},"type":"cond-expr","locations":[{"start":{"line":12,"column":65},"end":{"line":12,"column":69}},{"start":{"line":12,"column":65},"end":{"line":12,"column":69}}]},"13":{"loc":{"start":{"line":12,"column":50},"end":{"line":12,"column":65}},"type":"binary-expr","locations":[{"start":{"line":12,"column":50},"end":{"line":12,"column":69}},{"start":{"line":12,"column":50},"end":{"line":12,"column":65}}]}},"s":{"0":1,"1":1,"2":1,"3":1,"4":1,"5":1,"6":1,"7":1,"8":1,"9":5,"10":1,"11":1,"12":1,"13":1,"14":1,"15":1,"16":1,"17":0,"18":0,"19":0,"20":0,"21":1,"22":1,"23":1,"24":1,"25":1,"26":1,"27":1,"28":1,"29":1,"30":1,"31":1},"f":{"0":5,"1":1,"2":1,"3":1,"4":0,"5":0,"6":1},"b":{"0":[0],"1":[0],"2":[0],"3":[0],"4":[1,0],"5":[1,1],"6":[1,0],"7":[1,1],"8":[1,0],"9":[1,1],"10":[1,0],"11":[1,1],"12":[1,0],"13":[1,1]}}
,"/Users/maxuser/Documents/projects/snap_net_tk/src/modules/employee/employee.module.ts": {"path":"/Users/maxuser/Documents/projects/snap_net_tk/src/modules/employee/employee.module.ts","statementMap":{"0":{"start":{"line":1,"column":0},"end":{"line":1,"column":40}},"1":{"start":{"line":2,"column":0},"end":{"line":2,"column":48}},"2":{"start":{"line":3,"column":0},"end":{"line":3,"column":59}},"3":{"start":{"line":4,"column":0},"end":{"line":4,"column":53}},"4":{"start":{"line":5,"column":0},"end":{"line":5,"column":59}},"5":{"start":{"line":6,"column":0},"end":{"line":6,"column":67}},"6":{"start":{"line":7,"column":0},"end":{"line":7,"column":67}},"7":{"start":{"line":18,"column":7},"end":{"line":18,"column":null}},"8":{"start":{"line":18,"column":13},"end":{"line":18,"column":27}},"9":{"start":{"line":18,"column":13},"end":{"line":18,"column":null}}},"fnMap":{},"branchMap":{},"s":{"0":0,"1":0,"2":0,"3":0,"4":0,"5":0,"6":0,"7":0,"8":0,"9":0},"f":{},"b":{}}
[...]
end":{"line":13,"column":49}},"8":{"start":{"line":14,"column":25},"end":{"line":14,"column":45}},"9":{"start":{"line":15,"column":56},"end":{"line":15,"column":64}},"10":{"start":{"line":19,"column":25},"end":{"line":21,"column":10}},"11":{"start":{"line":23,"column":8},"end":{"line":25,"column":9}},"12":{"start":{"line":24,"column":12},"end":{"line":24,"column":62}},"13":{"start":{"line":27,"column":26},"end":{"line":27,"column":67}},"14":{"start":{"line":28,"column":24},"end":{"line":28,"column":63}},"15":{"start":{"line":30,"column":8},"end":{"line":32,"column":9}},"16":{"start":{"line":31,"column":12},"end":{"line":31,"column":82}},"17":{"start":{"line":35,"column":36},"end":{"line":52,"column":22}},"18":{"start":{"line":54,"column":8},"end":{"line":58,"column":9}},"19":{"start":{"line":55,"column":12},"end":{"line":57,"column":14}},"20":{"start":{"line":60,"column":29},"end":{"line":64,"column":10}},"21":{"start":{"line":66,"column":29},"end":{"line":66,"column":81}},"22":{"start":{"line":68,"column":8},"end":{"line":74,"column":11}},"23":{"start":{"line":76,"column":8},"end":{"line":76,"column":28}},"24":{"start":{"line":80,"column":34},"end":{"line":85,"column":10}},"25":{"start":{"line":86,"column":8},"end":{"line":86,"column":71}},"26":{"start":{"line":90,"column":24},"end":{"line":90,"column":109}},"27":{"start":{"line":91,"column":8},"end":{"line":91,"column":77}},"28":{"start":{"line":91,"column":22},"end":{"line":91,"column":77}},"29":{"start":{"line":92,"column":8},"end":{"line":92,"column":23}},"30":{"start":{"line":96,"column":24},"end":{"line":96,"column":46}},"31":{"start":{"line":97,"column":8},"end":{"line":97,"column":42}},"32":{"start":{"line":98,"column":8},"end":{"line":98,"column":57}},"33":{"start":{"line":102,"column":24},"end":{"line":102,"column":46}},"34":{"start":{"line":103,"column":8},"end":{"line":103,"column":58}},"35":{"start":{"line":11,"column":13},"end":{"line":11,"column":32}},"36":{"start":{"line":11,"column":13},"end":{"line":105,"column":null}}},"fnMap":{"0":{"name":"(anonymous_4)","decl":{"start":{"line":12,"column":4},"end":{"line":12,"column":null}},"loc":{"start":{"line":15,"column":75},"end":{"line":16,"column":9}}},"1":{"name":"(anonymous_5)","decl":{"start":{"line":18,"column":4},"end":{"line":18,"column":9}},"loc":{"start":{"line":18,"column":61},"end":{"line":77,"column":5}}},"2":{"name":"(anonymous_6)","decl":{"start":{"line":79,"column":4},"end":{"line":79,"column":9}},"loc":{"start":{"line":79,"column":45},"end":{"line":87,"column":5}}},"3":{"name":"(anonymous_7)","decl":{"start":{"line":89,"column":4},"end":{"line":89,"column":9}},"loc":{"start":{"line":89,"column":28},"end":{"line":93,"column":5}}},"4":{"name":"(anonymous_8)","decl":{"start":{"line":95,"column":4},"end":{"line":95,"column":9}},"loc":{"start":{"line":95,"column":61},"end":{"line":99,"column":5}}},"5":{"name":"(anonymous_9)","decl":{"start":{"line":101,"column":4},"end":{"line":101,"column":9}},"loc":{"start":{"line":101,"column":27},"end":{"line":104,"column":5}}}},"branchMap":{"0":{"loc":{"start":{"line":23,"column":8},"end":{"line":25,"column":9}},"type":"if","locations":[{"start":{"line":23,"column":8},"end":{"line":25,"column":9}},{"start":{},"end":{}}]},"1":{"loc":{"start":{"line":30,"column":8},"end":{"line":32,"column":9}},"type":"if","locations":[{"start":{"line":30,"column":8},"end":{"line":32,"column":9}},{"start":{},"end":{}}]},"2":{"loc":{"start":{"line":54,"column":8},"end":{"line":58,"column":9}},"type":"if","locations":[{"start":{"line":54,"column":8},"end":{"line":58,"column":9}},{"start":{},"end":{}}]},"3":{"loc":{"start":{"line":91,"column":8},"end":{"line":91,"column":77}},"type":"if","locations":[{"start":{"line":91,"column":8},"end":{"line":91,"column":77}},{"start":{},"end":{}}]},"4":{"loc":{"start":{"line":13,"column":49},"end":{"line":13,"column":null}},"type":"cond-expr","locations":[{"start":{"line":13,"column":71},"end":{"line":13,"column":null}},{"start":{"line":13,"column":71},"end":{"line":13,"column":null}}]},"5":{"loc":{"start":{"line":13,"column":49},"end":{"line":13,"column":71}},"type":"binary-expr","locations":[{"start":{"line":13,"column":49},"end":{"line":13,"column":null}},{"start":{"line":13,"column":49},"end":{"line":13,"column":71}}]},"6":{"loc":{"start":{"line":13,"column":71},"end":{"line":14,"column":null}},"type":"cond-expr","locations":[{"start":{"line":14,"column":63},"end":{"line":14,"column":null}},{"start":{"line":14,"column":63},"end":{"line":14,"column":null}}]},"7":{"loc":{"start":{"line":13,"column":71},"end":{"line":14,"column":63}},"type":"binary-expr","locations":[{"start":{"line":13,"column":71},"end":{"line":14,"column":null}},{"start":{"line":14,"column":45},"end":{"line":14,"column":63}}]},"8":{"loc":{"start":{"line":14,"column":63},"end":{"line":15,"column":null}},"type":"cond-expr","locations":[{"start":{"line":15,"column":75},"end":{"line":15,"column":null}},{"start":{"line":15,"column":75},"end":{"line":15,"column":null}}]},"9":{"loc":{"start":{"line":14,"column":63},"end":{"line":15,"column":75}},"type":"binary-expr","locations":[{"start":{"line":14,"column":63},"end":{"line":15,"column":null}},{"start":{"line":15,"column":64},"end":{"line":15,"column":75}}]}},"s":{"0":2,"1":2,"2":2,"3":2,"4":2,"5":2,"6":2,"7":1,"8":1,"9":1,"10":0,"11":0,"12":0,"13":0,"14":0,"15":0,"16":0,"17":0,"18":0,"19":0,"20":0,"21":0,"22":0,"23":0,"24":0,"25":0,"26":0,"27":0,"28":0,"29":0,"30":0,"31":0,"32":0,"33":0,"34":0,"35":2,"36":2},"f":{"0":1,"1":0,"2":0,"3":0,"4":0,"5":0},"b":{"0":[0,0],"1":[0,0],"2":[0,0],"3":[0,0],"4":[2,0],"5":[2,2],"6":[2,0],"7":[2,2],"8":[2,0],"9":[2,2]}}
,"/Users/maxuser/Documents/projects/snap_net_tk/src/modules/leave-request/dto/create-leave-request.dto.ts": {"path":"/Users/maxuser/Documents/projects/snap_net_tk/src/modules/leave-request/dto/create-leave-request.dto.ts","statementMap":{"0":{"start":{"line":1,"column":0},"end":{"line":1,"column":159}},"1":{"start":{"line":4,"column":7},"end":{"line":15,"column":null}},"2":{"start":{"line":6,"column":26},"end":{"line":6,"column":46}},"3":{"start":{"line":7,"column":22},"end":{"line":7,"column":32}},"4":{"start":{"line":8,"column":8},"end":{"line":8,"column":35}},"5":{"start":{"line":9,"column":8},"end":{"line":9,"column":34}},"6":{"start":{"line":13,"column":8},"end":{"line":13,"column":82}},"7":{"start":{"line":4,"column":13},"end":{"line":4,"column":35}},"8":{"start":{"line":4,"column":13},"end":{"line":15,"column":null}},"9":{"start":{"line":18,"column":7},"end":{"line":31,"column":null}},"10":{"start":{"line":20,"column":20},"end":{"line":20,"column":56}},"11":{"start":{"line":21,"column":8},"end":{"line":21,"column":40}},"12":{"start":{"line":21,"column":28},"end":{"line":21,"column":40}},"13":{"start":{"line":23,"column":26},"end":{"line":23,"column":49}},"14":{"start":{"line":24,"column":24},"end":{"line":24,"column":47}},"15":{"start":{"line":25,"column":8},"end":{"line":25,"column":36}},"16":{"start":{"line":29,"column":8},"end":{"line":29,"column":64}},"17":{"start":{"line":18,"column":13},"end":{"line":18,"column":46}},"18":{"start":{"line":18,"column":13},"end":{"line":31,"column":null}},"19":{"start":{"line":33,"column":0},"end":{"line":33,"column":13}},"20":{"start":{"line":36,"column":4},"end":{"line":36,"column":null}},"21":{"start":{"line":41,"column":4},"end":{"line":41,"column":null}},"22":{"start":{"line":47,"column":4},"end":{"line":47,"column":null}}},"fnMap":{"0":{"name":"(anonymous_2)","decl":{"start":{"line":5,"column":4},"end":{"line":5,"column":12}},"loc":{"start":{"line":5,"column":58},"end":{"line":10,"column":5}}},"1":{"name":"(anonymous_3)","decl":{"start":{"line":12,"column":4},"end":{"line":12,"column":18}},"loc":{"start":{"line":12,"column":44},"end":{"line":14,"column":5}}},"2":{"name":"(anonymous_4)","decl":{"start":{"line":19,"column":4},"end":{"line":19,"column":12}},"loc":{"start":{"line":19,"column":61},"end":{"line":26,"column":5}}},"3":{"name":"(anonymous_5)","decl":{"start":{"line":28,"column":4},"end":{"line":28,"column":18}},"loc":{"start":{"line":28,"column":44},"end":{"line":30,"column":5}}}},"branchMap":{"0":{"loc":{"start":{"line":21,"column":8},"end":{"line":21,"column":40}},"type":"if","locations":[{"start":{"line":21,"column":8},"end":{"line":21,"column":40}},{"start":{},"end":{}}]}},"s":{"0":1,"1":1,"2":0,"3":0,"4":0,"5":0,"6":0,"7":1,"8":1,"9":1,"10":0,"11":0,"12":0,"13":0,"14":0,"15":0,"16":0,"17":1,"18":1,"19":1,"20":1,"21":1,"22":1},"f":{"0":0,"1":0,"2":0,"3":0},"b":{"0":[0,0]}}
,"/Users/maxuser/Documents/projects/snap_net_tk/src/modules/leave-request/dto/update-leave-request.dto.ts": {"path":"/Users/maxuser/Documents/projects/snap_net_tk/src/modules/leave-request/dto/update-leave-request.dto.ts","statementMap":{"0":{"start":{"line":1,"column":0},"end":{"line":1,"column":89}},"1":{"start":{"line":2,"column":0},"end":{"line":2,"column":78}},"2":{"start":{"line":4,"column":0},"end":{"line":4,"column":13}},"3":{"start":{"line":8,"column":4},"end":{"line":8,"column":null}},"4":{"start":{"line":13,"column":4},"end":{"line":13,"column":null}},"5":{"start":{"line":17,"column":4},"end":{"line":17,"column":null}}},"fnMap":{},"branchMap":{"0":{"loc":{"start":{"line":17,"column":13},"end":{"line":17,"column":25}},"type":"cond-expr","locations":[{"start":{"line":17,"column":24},"end":{"line":17,"column":25}},{"start":{"line":17,"column":24},"end":{"line":17,"column":25}}]},"1":{"loc":{"start":{"line":17,"column":13},"end":{"line":17,"column":24}},"type":"binary-expr","locations":[{"start":{"line":17,"column":13},"end":{"line":17,"column":25}},{"start":{"line":17,"column":13},"end":{"line":17,"column":24}}]}},"s":{"0":1,"1":1,"2":1,"3":1,"4":1,"5":1},"f":{},"b":{"0":[0,1],"1":[1,1]}}
,"/Users/maxuser/Documents/projects/snap_net_tk/src/queue/consumer.module.ts": {"path":"/Users/maxuser/Documents/projects/snap_net_tk/src/queue/consumer.module.ts","statementMap":{"0":{"start":{"line":1,"column":0},"end":{"line":1,"column":40}},"1":{"start":{"line":2,"column":0},"end":{"line":2,"column":48}},"2":{"start":{"line":3,"column":0},"end":{"line":3,"column":74}},"3":{"start":{"line":4,"column":0},"end":{"line":4,"column":73}},"4":{"start":{"line":5,"column":0},"end":{"line":5,"column":91}},"5":{"start":{"line":14,"column":7},"end":{"line":14,"column":null}},"6":{"start":{"line":14,"column":13},"end":{"line":14,"column":27}},"7":{"start":{"line":14,"column":13},"end":{"line":14,"column":null}}},"fnMap":{},"branchMap":{},"s":{"0":0,"1":0,"2":0,"3":0,"4":0,"5":0,"6":0,"7":0},"f":{},"b":{}}
,"/Users/maxuser/Documents/projects/snap_net_tk/src/queue/queue.module.ts": {"path":"/Users/maxuser/Documents/projects/snap_net_tk/src/queue/queue.module.ts","statementMap":{"0":{"start":{"line":1,"column":0},"end":{"line":1,"column":48}},"1":{"start":{"line":2,"column":0},"end":{"line":2,"column":65}},"2":{"start":{"line":3,"column":0},"end":{"line":3,"column":61}},"3":{"start":{"line":28,"column":7},"end":{"line":28,"column":null}},"4":{"start":{"line":28,"column":13},"end":{"line":28,"column":24}},"5":{"start":{"line":28,"column":13},"end":{"line":28,"column":null}},"6":{"start":{"line":12,"column":63},"end":{"line":21,"column":18}}},"fnMap":{"0":{"name":"(anonymous_1)","decl":{"start":{"line":12,"column":28},"end":{"line":12,"column":29}},"loc":{"start":{"line":12,"column":63},"end":{"line":21,"column":18}}}},"branchMap":{},"s":{"0":0,"1":0,"2":0,"3":0,"4":0,"5":0,"6":0},"f":{"0":0},"b":{}}
,"/Users/maxuser/Documents/projects/snap_net_tk/src/queue/consumers/leave-request.consumer.ts": {"path":"/Users/maxuser/Documents/projects/snap_net_tk/src/queue/consumers/leave-request.consumer.ts","statementMap":{"0":{"start":{"line":1,"column":0},"end":{"line":1,"column":52}},"1":{"start":{"line":2,"column":0},"end":{"line":2,"column":79}},"2":{"start":{"line":3,"column":0},"end":{"line":3,"column":94}},"3":{"start":{"line":4,"column":0},"end":{"line":4,"column":75}},"4":{"start":{"line":5,"column":0},"end":{"line":5,"column":28}},"5":{"start":{"line":6,"column":0},"end":{"line":6,"column":109}},"6":{"start":{"line":9,"column":33},"end":{"line":88,"column":null}},"7":{"start":{"line":10,"column":30},"end":{"line":10,"column":67}},"8":{"start":{"line":12,"column":33},"end":{"line":12,"column":57}},"9":{"start":{"line":16,"column":24},"end":{"line":16,"column":47}},"10":{"start":{"line":17,"column":28},"end":{"line":17,"column":48}},"11":{"start":{"line":19,"column":8},"end":{"line":86,"column":9}},"12":{"start":{"line":20,"column":12},"end":{"line":20,"column":80}},"13":{"start":{"line":22,"column":28},"end":{"line":22,"column":109}},"14":{"start":{"line":24,"column":12},"end":{"line":28,"column":13}},"15":{"start":{"line":25,"column":16},"end":{"line":25,"column":85}},"16":{"start":{"line":26,"column":16},"end":{"line":26,"column":41}},"17":{"start":{"line":27,"column":16},"end":{"line":27,"column":23}},"18":{"start":{"line":31,"column":12},"end":{"line":35,"column":13}},"19":{"start":{"line":32,"column":16},"end":{"line":32,"column":108}},"20":{"start":{"line":33,"column":16},"end":{"line":33,"column":41}},"21":{"start":{"line":34,"column":16},"end":{"line":34,"column":23}},"22":{"start":{"line":38,"column":26},"end":{"line":38,"column":51}},"23":{"start":{"line":39,"column":24},"end":{"line":39,"column":47}},"24":{"start":{"line":40,"column":29},"end":{"line":40,"column":56}},"25":{"start":{"line":43,"column":28},"end":{"line":43,"column":56}},"26":{"start":{"line":44,"column":12},"end":{"line":46,"column":13}},"27":{"start":{"line":45,"column":16},"end":{"line":45,"column":49}},"28":{"start":{"line":49,"column":12},"end":{"line":49,"column":39}},"29":{"start":{"line":50,"column":12},"end":{"line":50,"column":45}},"30":{"start":{"line":51,"column":12},"end":{"line":51,"column":60}},"31":{"start":{"line":53,"column":12},"end":{"line":53,"column":95}},"32":{"start":{"line":54,"column":12},"end":{"line":54,"column":37}},"33":{"start":{"line":56,"column":12},"end":{"line":56,"column":82}},"34":{"start":{"line":59,"column":34},"end":{"line":59,"column":78}},"35":{"start":{"line":60,"column":28},"end":{"line":60,"column":64}},"36":{"start":{"line":61,"column":28},"end":{"line":61,"column":63}},"37":{"start":{"line":63,"column":12},"end":{"line":85,"column":13}},"38":{"start":{"line":64,"column":30},"end":{"line":64,"column":61}},"39":{"start":{"line":65,"column":16},"end":{"line":65,"column":77}},"40":{"start":{"line":68,"column":16},"end":{"line":68,"column":73}},"41":{"start":{"line":68,"column":45},"end":{"line":68,"column":71}},"42":{"start":{"line":71,"column":16},"end":{"line":76,"column":18}},"43":{"start":{"line":77,"column":16},"end":{"line":77,"column":41}},"44":{"start":{"line":81,"column":16},"end":{"line":81,"column":151}},"45":{"start":{"line":84,"column":16},"end":{"line":84,"column":41}},"46":{"start":{"line":9,"column":13},"end":{"line":9,"column":33}},"47":{"start":{"line":15,"column":10},"end":{"line":87,"column":null}},"48":{"start":{"line":9,"column":13},"end":{"line":88,"column":null}}},"fnMap":{"0":{"name":"(anonymous_5)","decl":{"start":{"line":12,"column":4},"end":{"line":12,"column":33}},"loc":{"start":{"line":12,"column":79},"end":{"line":12,"column":84}}},"1":{"name":"(anonymous_6)","decl":{"start":{"line":15,"column":10},"end":{"line":15,"column":28}},"loc":{"start":{"line":15,"column":77},"end":{"line":87,"column":5}}},"2":{"name":"(anonymous_7)","decl":{"start":{"line":68,"column":34},"end":{"line":68,"column":41}},"loc":{"start":{"line":68,"column":45},"end":{"line":68,"column":71}}}},"branchMap":{"0":{"loc":{"start":{"line":24,"column":12},"end":{"line":28,"column":13}},"type":"if","locations":[{"start":{"line":24,"column":12},"end":{"line":28,"column":13}},{"start":{},"end":{}}]},"1":{"loc":{"start":{"line":31,"column":12},"end":{"line":35,"column":13}},"type":"if","locations":[{"start":{"line":31,"column":12},"end":{"line":35,"column":13}},{"start":{},"end":{}}]},"2":{"loc":{"start":{"line":44,"column":12},"end":{"line":46,"column":13}},"type":"if","locations":[{"start":{"line":44,"column":12},"end":{"line":46,"column":13}},{"start":{},"end":{}}]},"3":{"loc":{"start":{"line":44,"column":16},"end":{"line":44,"column":45}},"type":"binary-expr","locations":[{"start":{"line":44,"column":16},"end":{"line":44,"column":29}},{"start":{"line":44,"column":33},"end":{"line":44,"column":45}}]},"4":{"loc":{"start":{"line":60,"column":28},"end":{"line":60,"column":64}},"type":"binary-expr","locations":[{"start":{"line":60,"column":28},"end":{"line":60,"column":58}},{"start":{"line":60,"column":62},"end":{"line":60,"column":64}}]},"5":{"loc":{"start":{"line":61,"column":29},"end":{"line":61,"column":58}},"type":"binary-expr","locations":[{"start":{"line":61,"column":29},"end":{"line":61,"column":53}},{"start":{"line":61,"column":57},"end":{"line":61,"column":58}}]},"6":{"loc":{"start":{"line":63,"column":12},"end":{"line":85,"column":13}},"type":"if","locations":[{"start":{"line":63,"column":12},"end":{"line":85,"column":13}},{"start":{"line":78,"column":19},"end":{"line":85,"column":13}}]},"7":{"loc":{"start":{"line":15,"column":67},"end":{"line":15,"column":null}},"type":"cond-expr","locations":[{"start":{"line":15,"column":77},"end":{"line":15,"column":null}},{"start":{"line":15,"column":77},"end":{"line":15,"column":null}}]},"8":{"loc":{"start":{"line":15,"column":67},"end":{"line":15,"column":77}},"type":"binary-expr","locations":[{"start":{"line":15,"column":67},"end":{"line":15,"column":null}},{"start":{"line":15,"column":67},"end":{"line":15,"column":77}}]},"9":{"loc":{"start":{"line":12,"column":57},"end":{"line":12,"column":83}},"type":"cond-expr","locations":[{"start":{"line":12,"column":79},"end":{"line":12,"column":83}},{"start":{"line":12,"column":79},"end":{"line":12,"column":83}}]},"10":{"loc":{"start":{"line":12,"column":57},"end":{"line":12,"column":79}},"type":"binary-expr","locations":[{"start":{"line":12,"column":57},"end":{"line":12,"column":83}},{"start":{"line":12,"column":57},"end":{"line":12,"column":79}}]}},"s":{"0":1,"1":1,"2":1,"3":1,"4":1,"5":1,"6":1,"7":3,"8":3,"9":2,"10":2,"11":2,"12":2,"13":2,"14":2,"15":0,"16":0,"17":0,"18":2,"19":0,"20":0,"21":0,"22":2,"23":2,"24":2,"25":2,"26":2,"27":1,"28":2,"29":2,"30":2,"31":2,"32":2,"33":0,"34":0,"35":0,"36":0,"37":0,"38":0,"39":0,"40":0,"41":0,"42":0,"43":0,"44":0,"45":0,"46":1,"47":1,"48":1},"f":{"0":3,"1":2,"2":0},"b":{"0":[0,2],"1":[0,2],"2":[1,1],"3":[2,1],"4":[0,0],"5":[0,0],"6":[0,0],"7":[1,0],"8":[1,1],"9":[1,0],"10":[1,1]}}
,"/Users/maxuser/Documents/projects/snap_net_tk/src/tests/e2e/app.e2e-spec.ts": {"path":"/Users/maxuser/Documents/projects/snap_net_tk/src/tests/e2e/app.e2e-spec.ts","statementMap":{"0":{"start":{"line":1,"column":0},"end":{"line":1,"column":54}},"1":{"start":{"line":3,"column":0},"end":{"line":3,"column":32}},"2":{"start":{"line":4,"column":0},"end":{"line":4,"column":45}},"3":{"start":{"line":7,"column":0},"end":{"line":25,"column":3}},"4":{"start":{"line":10,"column":2},"end":{"line":17,"column":5}},"5":{"start":{"line":11,"column":41},"end":{"line":13,"column":16}},"6":{"start":{"line":15,"column":4},"end":{"line":15,"column":48}},"7":{"start":{"line":16,"column":4},"end":{"line":16,"column":21}},"8":{"start":{"line":19,"column":2},"end":{"line":24,"column":5}},"9":{"start":{"line":20,"column":4},"end":{"line":23,"column":30}}},"fnMap":{"0":{"name":"(anonymous_1)","decl":{"start":{"line":7,"column":32},"end":{"line":7,"column":35}},"loc":{"start":{"line":7,"column":37},"end":{"line":25,"column":1}}},"1":{"name":"(anonymous_2)","decl":{"start":{"line":10,"column":13},"end":{"line":10,"column":18}},"loc":{"start":{"line":10,"column":24},"end":{"line":17,"column":3}}},"2":{"name":"(anonymous_3)","decl":{"start":{"line":19,"column":16},"end":{"line":19,"column":19}},"loc":{"start":{"line":19,"column":21},"end":{"line":24,"column":3}}}},"branchMap":{},"s":{"0":0,"1":0,"2":0,"3":0,"4":0,"5":0,"6":0,"7":0,"8":0,"9":0},"f":{"0":0,"1":0,"2":0},"b":{}}
}
