TN:
SF:src/app.controller.ts
FN:6,(anonymous_2)
FN:9,(anonymous_3)
FNF:2
FNH:2
FNDA:1,(anonymous_2)
FNDA:1,(anonymous_3)
DA:1,1
DA:2,1
DA:5,1
DA:6,1
DA:9,1
DA:10,1
LF:6
LH:6
BRDA:6,0,0,1
BRDA:6,0,1,0
BRDA:6,1,0,1
BRDA:6,1,1,1
BRF:4
BRH:3
end_of_record
TN:
SF:src/app.module.ts
FN:27,(anonymous_1)
FNF:1
FNH:0
FNDA:0,(anonymous_1)
DA:1,0
DA:2,0
DA:3,0
DA:4,0
DA:5,0
DA:6,0
DA:7,0
DA:8,0
DA:9,0
DA:10,0
DA:11,0
DA:12,0
DA:13,0
DA:14,0
DA:15,0
DA:16,0
DA:17,0
DA:18,0
DA:27,0
DA:64,0
LF:20
LH:0
BRF:0
BRH:0
end_of_record
TN:
SF:src/app.service.ts
FN:5,(anonymous_1)
FNF:1
FNH:1
FNDA:1,(anonymous_1)
DA:1,1
DA:4,1
DA:6,1
LF:3
LH:3
BRF:0
BRH:0
end_of_record
TN:
SF:src/main.ts
FN:9,bootstrap
FNF:1
FNH:0
FNDA:0,bootstrap
DA:1,0
DA:2,0
DA:3,0
DA:4,0
DA:5,0
DA:6,0
DA:7,0
DA:10,0
DA:11,0
DA:14,0
DA:21,0
DA:22,0
DA:25,0
DA:37,0
DA:38,0
DA:40,0
LF:16
LH:0
BRDA:38,0,0,0
BRDA:38,0,1,0
BRF:2
BRH:0
end_of_record
TN:
SF:src/common/cache/cache.module.ts
FN:10,(anonymous_2)
FNF:1
FNH:0
FNDA:0,(anonymous_2)
DA:1,0
DA:2,0
DA:3,0
DA:11,0
DA:12,0
DA:13,0
DA:15,0
DA:22,0
LF:8
LH:0
BRDA:12,0,0,0
BRDA:12,0,1,0
BRF:2
BRH:0
end_of_record
TN:
SF:src/common/decorators/public.decorator.ts
FN:4,(anonymous_0)
FNF:1
FNH:1
FNDA:5,(anonymous_0)
DA:1,3
DA:3,3
DA:4,5
LF:3
LH:3
BRF:0
BRH:0
end_of_record
TN:
SF:src/common/decorators/roles.decorator.ts
FN:5,(anonymous_0)
FNF:1
FNH:1
FNDA:9,(anonymous_0)
DA:1,3
DA:4,3
DA:5,9
LF:3
LH:3
BRF:0
BRH:0
end_of_record
TN:
SF:src/common/dto/pagination.dto.ts
FN:6,(anonymous_2)
FN:12,(anonymous_3)
FNF:2
FNH:0
FNDA:0,(anonymous_2)
FNDA:0,(anonymous_3)
DA:1,3
DA:2,3
DA:4,3
DA:6,0
DA:9,3
DA:12,0
DA:15,3
LF:7
LH:5
BRF:0
BRH:0
end_of_record
TN:
SF:src/common/dto/response.dto.ts
FN:8,(anonymous_0)
FNF:1
FNH:1
FNDA:13,(anonymous_0)
DA:2,4
DA:9,13
DA:10,13
DA:11,13
DA:12,13
LF:5
LH:5
BRF:0
BRH:0
end_of_record
TN:
SF:src/common/filters/http-exception.filter.ts
FN:7,(anonymous_1)
FNF:1
FNH:0
FNDA:0,(anonymous_1)
DA:1,0
DA:3,0
DA:6,0
DA:8,0
DA:9,0
DA:11,0
DA:12,0
DA:14,0
DA:15,0
DA:16,0
DA:17,0
DA:20,0
LF:12
LH:0
BRDA:14,0,0,0
BRDA:14,0,1,0
BRDA:17,1,0,0
BRDA:17,1,1,0
BRF:4
BRH:0
end_of_record
TN:
SF:src/common/guards/jwt-auth.guard.ts
FN:9,(anonymous_2)
FN:13,(anonymous_3)
FN:24,(anonymous_4)
FNF:3
FNH:0
FNDA:0,(anonymous_2)
FNDA:0,(anonymous_3)
FNDA:0,(anonymous_4)
DA:2,0
DA:3,0
DA:4,0
DA:5,0
DA:8,0
DA:9,0
DA:10,0
DA:14,0
DA:18,0
DA:19,0
DA:21,0
DA:25,0
DA:26,0
DA:28,0
LF:14
LH:0
BRDA:18,0,0,0
BRDA:18,0,1,0
BRDA:25,1,0,0
BRDA:25,1,1,0
BRDA:25,2,0,0
BRDA:25,2,1,0
BRDA:26,3,0,0
BRDA:26,3,1,0
BRDA:9,4,0,0
BRDA:9,4,1,0
BRDA:9,5,0,0
BRDA:9,5,1,0
BRF:12
BRH:0
end_of_record
TN:
SF:src/common/guards/roles.guard.ts
FN:8,(anonymous_2)
FN:12,(anonymous_3)
FN:31,(anonymous_4)
FNF:3
FNH:0
FNDA:0,(anonymous_2)
FNDA:0,(anonymous_3)
FNDA:0,(anonymous_4)
DA:1,0
DA:2,0
DA:3,0
DA:7,0
DA:9,0
DA:13,0
DA:17,0
DA:18,0
DA:21,0
DA:22,0
DA:24,0
DA:27,0
DA:31,0
LF:13
LH:0
BRDA:17,0,0,0
BRDA:17,0,1,0
BRDA:24,1,0,0
BRDA:24,1,1,0
BRDA:9,2,0,0
BRDA:9,2,1,0
BRDA:9,3,0,0
BRDA:9,3,1,0
BRF:8
BRH:0
end_of_record
TN:
SF:src/common/interceptors/response.interceptor.ts
FN:8,(anonymous_1)
FN:10,(anonymous_2)
FNF:2
FNH:0
FNDA:0,(anonymous_1)
FNDA:0,(anonymous_2)
DA:1,0
DA:3,0
DA:4,0
DA:7,0
DA:9,0
DA:11,0
DA:12,0
DA:14,0
LF:8
LH:0
BRDA:11,0,0,0
BRDA:11,0,1,0
BRF:2
BRH:0
end_of_record
TN:
SF:src/common/strategies/retry/exponential-backoff.strategy.ts
FN:5,(anonymous_0)
FN:11,(anonymous_1)
FN:15,(anonymous_2)
FNF:3
FNH:0
FNDA:0,(anonymous_0)
FNDA:0,(anonymous_1)
FNDA:0,(anonymous_2)
DA:4,1
DA:6,0
DA:7,0
DA:8,0
DA:12,0
DA:16,0
LF:6
LH:1
BRDA:8,0,0,0
BRF:1
BRH:0
end_of_record
TN:
SF:src/common/strategies/retry/fixed-interval.strategy.ts
FN:5,(anonymous_0)
FN:7,(anonymous_1)
FN:11,(anonymous_2)
FNF:3
FNH:0
FNDA:0,(anonymous_0)
FNDA:0,(anonymous_1)
FNDA:0,(anonymous_2)
DA:4,0
DA:5,0
DA:8,0
DA:12,0
LF:4
LH:0
BRF:0
BRH:0
end_of_record
TN:
SF:src/common/utils/pagination.helper.ts
FN:2,(anonymous_0)
FN:13,(anonymous_1)
FNF:2
FNH:0
FNDA:0,(anonymous_0)
FNDA:0,(anonymous_1)
DA:1,7
DA:3,0
DA:14,0
LF:3
LH:1
BRF:0
BRH:0
end_of_record
TN:
SF:src/config/typeorm.config.ts
FNF:0
FNH:0
DA:1,0
DA:2,0
DA:3,0
DA:4,0
DA:5,0
DA:7,0
DA:9,0
LF:7
LH:0
BRDA:11,0,0,0
BRDA:11,0,1,0
BRDA:12,1,0,0
BRDA:12,1,1,0
BRDA:13,2,0,0
BRDA:13,2,1,0
BRDA:14,3,0,0
BRDA:14,3,1,0
BRDA:15,4,0,0
BRDA:15,4,1,0
BRF:10
BRH:0
end_of_record
TN:
SF:src/database/entities/base.entity.ts
FNF:0
FNH:0
DA:1,9
DA:3,9
DA:5,9
DA:8,9
DA:11,9
LF:5
LH:5
BRDA:8,0,0,9
BRDA:8,0,1,0
BRDA:8,1,0,9
BRDA:8,1,1,9
BRDA:11,2,0,9
BRDA:11,2,1,0
BRDA:11,3,0,9
BRDA:11,3,1,9
BRF:8
BRH:6
end_of_record
TN:
SF:src/database/entities/department.entity.ts
FN:11,(anonymous_2)
FN:11,(anonymous_3)
FNF:2
FNH:0
FNDA:0,(anonymous_2)
FNDA:0,(anonymous_3)
DA:1,9
DA:2,9
DA:3,9
DA:7,9
DA:9,9
DA:11,0
DA:12,9
LF:7
LH:6
BRF:0
BRH:0
end_of_record
TN:
SF:src/database/entities/employee.entity.ts
FN:6,(anonymous_2)
FN:29,(anonymous_3)
FN:29,(anonymous_4)
FN:33,(anonymous_5)
FN:33,(anonymous_6)
FNF:5
FNH:1
FNDA:9,(anonymous_2)
FNDA:0,(anonymous_3)
FNDA:0,(anonymous_4)
FNDA:0,(anonymous_5)
FNDA:0,(anonymous_6)
DA:1,9
DA:2,9
DA:3,9
DA:4,9
DA:6,9
DA:7,9
DA:8,9
DA:12,9
DA:14,9
DA:17,9
DA:20,9
DA:23,9
DA:27,9
DA:29,0
DA:31,9
DA:33,0
DA:34,9
LF:17
LH:15
BRDA:6,0,0,9
BRDA:6,0,1,9
BRDA:31,1,0,7
BRDA:31,1,1,2
BRDA:31,2,0,9
BRDA:31,2,1,7
BRF:6
BRH:6
end_of_record
TN:
SF:src/database/entities/leave-request.entity.ts
FN:5,(anonymous_2)
FN:36,(anonymous_3)
FN:36,(anonymous_4)
FNF:3
FNH:1
FNDA:9,(anonymous_2)
FNDA:0,(anonymous_3)
FNDA:0,(anonymous_4)
DA:1,9
DA:2,9
DA:3,9
DA:5,9
DA:6,9
DA:7,9
DA:8,9
DA:9,9
DA:14,9
DA:17,9
DA:20,9
DA:23,9
DA:31,9
DA:34,9
DA:36,0
DA:38,9
LF:16
LH:15
BRDA:5,0,0,9
BRDA:5,0,1,9
BRDA:20,1,0,9
BRDA:20,1,1,0
BRDA:20,2,0,9
BRDA:20,2,1,9
BRDA:23,3,0,9
BRDA:23,3,1,0
BRDA:23,4,0,9
BRDA:23,4,1,9
BRDA:34,5,0,9
BRDA:34,5,1,0
BRDA:34,6,0,9
BRDA:34,6,1,9
BRDA:38,7,0,3
BRDA:38,7,1,6
BRDA:38,8,0,9
BRDA:38,8,1,3
BRF:18
BRH:15
end_of_record
TN:
SF:src/database/migrations/1765228285554-CreateDepartment.ts
FN:5,(anonymous_0)
FN:18,(anonymous_1)
FNF:2
FNH:0
FNDA:0,(anonymous_0)
FNDA:0,(anonymous_1)
DA:3,0
DA:6,0
DA:19,0
DA:20,0
LF:4
LH:0
BRF:0
BRH:0
end_of_record
TN:
SF:src/database/migrations/1765228286190-CreateEmployee.ts
FN:5,(anonymous_0)
FN:26,(anonymous_1)
FNF:2
FNH:0
FNDA:0,(anonymous_0)
FNDA:0,(anonymous_1)
DA:3,0
DA:6,0
DA:21,0
DA:27,0
DA:28,0
DA:29,0
DA:30,0
LF:7
LH:0
BRF:0
BRH:0
end_of_record
TN:
SF:src/database/migrations/1765228287205-CreateLeaveRequest.ts
FN:5,(anonymous_0)
FN:27,(anonymous_1)
FNF:2
FNH:0
FNDA:0,(anonymous_0)
FNDA:0,(anonymous_1)
DA:3,0
DA:6,0
DA:22,0
DA:28,0
DA:29,0
DA:30,0
DA:31,0
DA:32,0
LF:8
LH:0
BRF:0
BRH:0
end_of_record
TN:
SF:src/health/health.controller.ts
FN:12,(anonymous_2)
FN:26,(anonymous_3)
FNF:2
FNH:0
FNDA:0,(anonymous_2)
FNDA:0,(anonymous_3)
DA:1,0
DA:2,0
DA:3,0
DA:4,0
DA:5,0
DA:9,0
DA:13,0
DA:14,0
DA:16,0
DA:26,0
DA:27,0
DA:28,0
DA:30,0
DA:31,0
DA:32,0
DA:33,0
DA:35,0
DA:38,0
LF:18
LH:0
BRDA:27,0,0,0
BRDA:27,0,1,0
BRDA:13,1,0,0
BRDA:13,1,1,0
BRDA:13,2,0,0
BRDA:13,2,1,0
BRDA:13,3,0,0
BRDA:13,3,1,0
BRDA:13,4,0,0
BRDA:13,4,1,0
BRF:10
BRH:0
end_of_record
TN:
SF:src/modules/auth/auth.controller.ts
FN:11,(anonymous_4)
FN:18,(anonymous_5)
FN:32,(anonymous_6)
FNF:3
FNH:2
FNDA:4,(anonymous_4)
FNDA:3,(anonymous_5)
FNDA:0,(anonymous_6)
DA:2,1
DA:3,1
DA:4,1
DA:5,1
DA:6,1
DA:7,1
DA:10,1
DA:12,4
DA:13,4
DA:18,1
DA:20,3
DA:21,1
DA:23,2
DA:24,2
DA:25,1
DA:27,1
DA:32,1
DA:33,0
DA:34,0
LF:19
LH:17
BRDA:20,0,0,1
BRDA:20,0,1,2
BRDA:20,1,0,3
BRDA:20,1,1,2
BRDA:24,2,0,1
BRDA:24,2,1,1
BRDA:32,3,0,1
BRDA:32,3,1,0
BRDA:32,4,0,1
BRDA:32,4,1,1
BRDA:12,5,0,1
BRDA:12,5,1,0
BRDA:12,6,0,1
BRDA:12,6,1,1
BRDA:12,7,0,1
BRDA:12,7,1,0
BRDA:12,8,0,1
BRDA:12,8,1,1
BRF:18
BRH:15
end_of_record
TN:
SF:src/modules/auth/auth.module.ts
FN:16,(anonymous_1)
FNF:1
FNH:0
FNDA:0,(anonymous_1)
DA:1,0
DA:2,0
DA:3,0
DA:4,0
DA:5,0
DA:6,0
DA:7,0
DA:8,0
DA:16,0
DA:27,0
LF:10
LH:0
BRDA:17,0,0,0
BRDA:17,0,1,0
BRF:2
BRH:0
end_of_record
TN:
SF:src/modules/auth/auth.service.ts
FN:9,(anonymous_11)
FN:14,(anonymous_12)
FN:27,(anonymous_13)
FNF:3
FNH:3
FNDA:4,(anonymous_11)
FNDA:3,(anonymous_12)
FNDA:1,(anonymous_13)
DA:2,2
DA:3,2
DA:4,2
DA:5,2
DA:8,2
DA:10,4
DA:11,4
DA:15,3
DA:20,3
DA:21,1
DA:22,1
DA:24,2
DA:28,1
DA:29,1
LF:14
LH:14
BRDA:20,0,0,1
BRDA:20,0,1,2
BRDA:20,1,0,3
BRDA:20,1,1,2
BRDA:20,1,2,2
BRDA:10,2,0,2
BRDA:10,2,1,0
BRDA:10,3,0,2
BRDA:10,3,1,2
BRDA:10,4,0,2
BRDA:10,4,1,0
BRDA:10,5,0,2
BRDA:10,5,1,2
BRF:13
BRH:11
end_of_record
TN:
SF:src/modules/auth/jwt.strategy.ts
FN:9,(anonymous_2)
FN:17,(anonymous_3)
FNF:2
FNH:0
FNDA:0,(anonymous_2)
FNDA:0,(anonymous_3)
DA:2,0
DA:3,0
DA:4,0
DA:5,0
DA:8,0
DA:10,0
DA:18,0
LF:7
LH:0
BRDA:13,0,0,0
BRDA:13,0,1,0
BRDA:9,1,0,0
BRDA:9,1,1,0
BRDA:9,2,0,0
BRDA:9,2,1,0
BRF:6
BRH:0
end_of_record
TN:
SF:src/modules/department/department.controller.ts
FN:13,(anonymous_4)
FN:17,(anonymous_5)
FN:24,(anonymous_6)
FN:32,(anonymous_7)
FN:39,(anonymous_8)
FN:46,(anonymous_9)
FNF:6
FNH:6
FNDA:6,(anonymous_4)
FNDA:1,(anonymous_5)
FNDA:1,(anonymous_6)
FNDA:1,(anonymous_7)
FNDA:1,(anonymous_8)
FNDA:1,(anonymous_9)
DA:1,1
DA:2,1
DA:3,1
DA:4,1
DA:5,1
DA:6,1
DA:7,1
DA:8,1
DA:9,1
DA:12,1
DA:13,6
DA:17,1
DA:18,1
DA:19,1
DA:24,1
DA:25,1
DA:26,1
DA:27,1
DA:32,1
DA:33,1
DA:34,1
DA:39,1
DA:40,1
DA:41,1
DA:46,1
DA:47,1
DA:48,1
LF:27
LH:27
BRDA:25,0,0,0
BRDA:25,1,0,0
BRDA:17,2,0,1
BRDA:17,2,1,0
BRDA:17,3,0,1
BRDA:17,3,1,1
BRDA:24,4,0,1
BRDA:24,4,1,0
BRDA:24,5,0,1
BRDA:24,5,1,1
BRDA:39,6,0,1
BRDA:39,6,1,0
BRDA:39,7,0,1
BRDA:39,7,1,1
BRDA:13,8,0,1
BRDA:13,8,1,0
BRDA:13,9,0,1
BRDA:13,9,1,1
BRF:18
BRH:12
end_of_record
TN:
SF:src/modules/department/department.module.ts
FNF:0
FNH:0
DA:1,0
DA:2,0
DA:3,0
DA:4,0
DA:5,0
DA:6,0
DA:14,0
LF:7
LH:0
BRF:0
BRH:0
end_of_record
TN:
SF:src/modules/department/department.repository.ts
FN:7,(anonymous_2)
FN:11,(anonymous_3)
FNF:2
FNH:0
FNDA:0,(anonymous_2)
FNDA:0,(anonymous_3)
DA:1,5
DA:2,5
DA:3,5
DA:6,5
DA:7,0
DA:8,0
DA:12,0
LF:7
LH:4
BRDA:7,0,0,5
BRDA:7,0,1,0
BRDA:7,1,0,5
BRDA:7,1,1,5
BRF:4
BRH:3
end_of_record
TN:
SF:src/modules/department/department.service.ts
FN:10,(anonymous_2)
FN:12,(anonymous_3)
FN:22,(anonymous_4)
FN:31,(anonymous_5)
FN:39,(anonymous_6)
FN:51,(anonymous_7)
FNF:6
FNH:1
FNDA:1,(anonymous_2)
FNDA:0,(anonymous_3)
FNDA:0,(anonymous_4)
FNDA:0,(anonymous_5)
FNDA:0,(anonymous_6)
FNDA:0,(anonymous_7)
DA:1,2
DA:2,2
DA:5,2
DA:9,2
DA:10,1
DA:13,0
DA:14,0
DA:15,0
DA:18,0
DA:19,0
DA:23,0
DA:28,0
DA:32,0
DA:33,0
DA:34,0
DA:36,0
DA:40,0
DA:41,0
DA:42,0
DA:43,0
DA:44,0
DA:47,0
DA:48,0
DA:52,0
DA:57,0
DA:58,0
DA:61,0
DA:62,0
DA:67,0
LF:29
LH:5
BRDA:14,0,0,0
BRDA:14,0,1,0
BRDA:33,1,0,0
BRDA:33,1,1,0
BRDA:41,2,0,0
BRDA:41,2,1,0
BRDA:43,3,0,0
BRDA:43,3,1,0
BRDA:43,4,0,0
BRDA:43,4,1,0
BRDA:57,5,0,0
BRDA:57,5,1,0
BRDA:61,6,0,0
BRDA:61,6,1,0
BRDA:61,7,0,0
BRDA:61,7,1,0
BRDA:10,8,0,2
BRDA:10,8,1,0
BRDA:10,9,0,2
BRDA:10,9,1,2
BRF:20
BRH:3
end_of_record
TN:
SF:src/modules/department/dto/create-department.dto.ts
FNF:0
FNH:0
DA:1,1
DA:3,1
DA:7,1
LF:3
LH:3
BRF:0
BRH:0
end_of_record
TN:
SF:src/modules/department/dto/update-department.dto.ts
FNF:0
FNH:0
DA:1,1
DA:3,1
DA:8,1
LF:3
LH:3
BRF:0
BRH:0
end_of_record
TN:
SF:src/modules/employee/employee.controller.ts
FN:12,(anonymous_4)
FN:16,(anonymous_5)
FN:24,(anonymous_6)
FN:30,(anonymous_7)
FN:36,(anonymous_8)
FN:43,(anonymous_9)
FN:50,(anonymous_10)
FNF:7
FNH:5
FNDA:5,(anonymous_4)
FNDA:1,(anonymous_5)
FNDA:1,(anonymous_6)
FNDA:1,(anonymous_7)
FNDA:0,(anonymous_8)
FNDA:0,(anonymous_9)
FNDA:1,(anonymous_10)
DA:1,1
DA:2,1
DA:3,1
DA:4,1
DA:5,1
DA:6,1
DA:7,1
DA:8,1
DA:11,1
DA:12,5
DA:16,1
DA:17,1
DA:18,1
DA:19,1
DA:24,1
DA:25,1
DA:26,1
DA:30,1
DA:31,1
DA:32,1
DA:36,1
DA:37,0
DA:38,0
DA:43,1
DA:44,0
DA:45,0
DA:50,1
DA:54,1
DA:55,1
DA:56,1
LF:30
LH:26
BRDA:17,0,0,0
BRDA:17,1,0,0
BRDA:54,2,0,0
BRDA:54,3,0,0
BRDA:16,4,0,1
BRDA:16,4,1,0
BRDA:16,5,0,1
BRDA:16,5,1,1
BRDA:24,6,0,1
BRDA:24,6,1,0
BRDA:24,7,0,1
BRDA:24,7,1,1
BRDA:36,8,0,1
BRDA:36,8,1,0
BRDA:36,9,0,1
BRDA:36,9,1,1
BRDA:52,10,0,1
BRDA:52,10,1,0
BRDA:52,11,0,1
BRDA:52,11,1,1
BRDA:12,12,0,1
BRDA:12,12,1,0
BRDA:12,13,0,1
BRDA:12,13,1,1
BRF:24
BRH:15
end_of_record
TN:
SF:src/modules/employee/employee.module.ts
FNF:0
FNH:0
DA:1,0
DA:2,0
DA:3,0
DA:4,0
DA:5,0
DA:6,0
DA:7,0
DA:18,0
LF:8
LH:0
BRF:0
BRH:0
end_of_record
TN:
SF:src/modules/employee/employee.repository.ts
FN:7,(anonymous_2)
FN:11,(anonymous_3)
FN:20,(anonymous_4)
FNF:3
FNH:0
FNDA:0,(anonymous_2)
FNDA:0,(anonymous_3)
FNDA:0,(anonymous_4)
DA:1,6
DA:2,6
DA:3,6
DA:6,6
DA:7,0
DA:8,0
DA:12,0
DA:21,0
LF:8
LH:4
BRDA:7,0,0,6
BRDA:7,0,1,0
BRDA:7,1,0,6
BRDA:7,1,1,6
BRF:4
BRH:3
end_of_record
TN:
SF:src/modules/employee/employee.service.ts
FN:13,(anonymous_14)
FN:19,(anonymous_15)
FN:46,(anonymous_16)
FN:63,(anonymous_17)
FN:73,(anonymous_18)
FN:94,(anonymous_19)
FN:115,(anonymous_20)
FNF:7
FNH:1
FNDA:1,(anonymous_14)
FNDA:0,(anonymous_15)
FNDA:0,(anonymous_16)
FNDA:0,(anonymous_17)
FNDA:0,(anonymous_18)
FNDA:0,(anonymous_19)
FNDA:0,(anonymous_20)
DA:1,3
DA:2,3
DA:6,3
DA:7,3
DA:8,3
DA:9,3
DA:12,3
DA:14,1
DA:15,1
DA:16,1
DA:20,0
DA:24,0
DA:25,0
DA:28,0
DA:32,0
DA:33,0
DA:36,0
DA:41,0
DA:43,0
DA:47,0
DA:48,0
DA:50,0
DA:51,0
DA:54,0
DA:55,0
DA:56,0
DA:59,0
DA:60,0
DA:64,0
DA:70,0
DA:74,0
DA:75,0
DA:76,0
DA:79,0
DA:80,0
DA:81,0
DA:82,0
DA:85,0
DA:86,0
DA:89,0
DA:91,0
DA:95,0
DA:100,0
DA:101,0
DA:105,0
DA:106,0
DA:111,0
DA:112,0
DA:116,0
DA:117,0
LF:50
LH:10
BRDA:24,0,0,0
BRDA:24,0,1,0
BRDA:32,1,0,0
BRDA:32,1,1,0
BRDA:50,2,0,0
BRDA:50,2,1,0
BRDA:55,3,0,0
BRDA:55,3,1,0
BRDA:75,4,0,0
BRDA:75,4,1,0
BRDA:79,5,0,0
BRDA:79,5,1,0
BRDA:81,6,0,0
BRDA:81,6,1,0
BRDA:100,7,0,0
BRDA:100,7,1,0
BRDA:105,8,0,0
BRDA:105,8,1,0
BRDA:105,9,0,0
BRDA:105,9,1,0
BRDA:14,10,0,3
BRDA:14,10,1,0
BRDA:14,11,0,3
BRDA:14,11,1,3
BRDA:14,12,0,3
BRDA:14,12,1,0
BRDA:14,13,0,3
BRDA:14,13,1,3
BRDA:15,14,0,3
BRDA:15,14,1,0
BRDA:15,15,0,3
BRDA:15,15,1,3
BRF:32
BRH:9
end_of_record
TN:
SF:src/modules/employee/dto/create-employee.dto.ts
FNF:0
FNH:0
DA:1,2
DA:2,2
DA:4,2
DA:7,2
DA:10,2
DA:13,2
DA:16,2
DA:20,2
LF:8
LH:8
BRDA:20,0,0,0
BRDA:20,0,1,2
BRDA:20,1,0,2
BRDA:20,1,1,2
BRF:4
BRH:3
end_of_record
TN:
SF:src/modules/employee/dto/update-employee.dto.ts
FNF:0
FNH:0
DA:1,1
DA:3,1
DA:7,1
DA:11,1
DA:15,1
LF:5
LH:5
BRF:0
BRH:0
end_of_record
TN:
SF:src/modules/leave-request/leave-request.controller.ts
FN:13,(anonymous_4)
FN:17,(anonymous_5)
FN:24,(anonymous_6)
FN:30,(anonymous_7)
FN:37,(anonymous_8)
FN:44,(anonymous_9)
FNF:6
FNH:5
FNDA:5,(anonymous_4)
FNDA:1,(anonymous_5)
FNDA:1,(anonymous_6)
FNDA:0,(anonymous_7)
FNDA:1,(anonymous_8)
FNDA:1,(anonymous_9)
DA:1,1
DA:2,1
DA:3,1
DA:4,1
DA:5,1
DA:6,1
DA:7,1
DA:8,1
DA:9,1
DA:12,1
DA:13,5
DA:17,1
DA:18,1
DA:19,1
DA:20,1
DA:24,1
DA:25,1
DA:26,1
DA:30,1
DA:31,0
DA:32,0
DA:37,1
DA:38,1
DA:39,1
DA:44,1
DA:45,1
DA:46,1
LF:27
LH:25
BRDA:18,0,0,0
BRDA:18,1,0,0
BRDA:17,2,0,1
BRDA:17,2,1,0
BRDA:17,3,0,1
BRDA:17,3,1,1
BRDA:24,4,0,1
BRDA:24,4,1,0
BRDA:24,5,0,1
BRDA:24,5,1,1
BRDA:37,6,0,1
BRDA:37,6,1,0
BRDA:37,7,0,1
BRDA:37,7,1,1
BRDA:13,8,0,1
BRDA:13,8,1,0
BRDA:13,9,0,1
BRDA:13,9,1,1
BRF:18
BRH:12
end_of_record
TN:
SF:src/modules/leave-request/leave-request.module.ts
FNF:0
FNH:0
DA:1,0
DA:2,0
DA:3,0
DA:4,0
DA:5,0
DA:6,0
DA:7,0
DA:8,0
DA:19,0
LF:9
LH:0
BRF:0
BRH:0
end_of_record
TN:
SF:src/modules/leave-request/leave-request.repository.ts
FN:7,(anonymous_2)
FNF:1
FNH:0
FNDA:0,(anonymous_2)
DA:1,3
DA:2,3
DA:3,3
DA:6,3
DA:7,0
DA:8,0
LF:6
LH:4
BRDA:7,0,0,3
BRDA:7,0,1,0
BRDA:7,1,0,3
BRDA:7,1,1,3
BRF:4
BRH:3
end_of_record
TN:
SF:src/modules/leave-request/leave-request.service.ts
FN:12,(anonymous_4)
FN:18,(anonymous_5)
FN:79,(anonymous_6)
FN:89,(anonymous_7)
FN:95,(anonymous_8)
FN:101,(anonymous_9)
FNF:6
FNH:1
FNDA:1,(anonymous_4)
FNDA:0,(anonymous_5)
FNDA:0,(anonymous_6)
FNDA:0,(anonymous_7)
FNDA:0,(anonymous_8)
FNDA:0,(anonymous_9)
DA:1,2
DA:2,2
DA:3,2
DA:6,2
DA:7,2
DA:8,2
DA:11,2
DA:13,1
DA:14,1
DA:15,1
DA:19,0
DA:23,0
DA:24,0
DA:27,0
DA:28,0
DA:30,0
DA:31,0
DA:35,0
DA:54,0
DA:55,0
DA:60,0
DA:66,0
DA:68,0
DA:76,0
DA:80,0
DA:86,0
DA:90,0
DA:91,0
DA:92,0
DA:96,0
DA:97,0
DA:98,0
DA:102,0
DA:103,0
LF:34
LH:10
BRDA:23,0,0,0
BRDA:23,0,1,0
BRDA:30,1,0,0
BRDA:30,1,1,0
BRDA:54,2,0,0
BRDA:54,2,1,0
BRDA:91,3,0,0
BRDA:91,3,1,0
BRDA:13,4,0,2
BRDA:13,4,1,0
BRDA:13,5,0,2
BRDA:13,5,1,2
BRDA:13,6,0,2
BRDA:13,6,1,0
BRDA:13,7,0,2
BRDA:13,7,1,2
BRDA:14,8,0,2
BRDA:14,8,1,0
BRDA:14,9,0,2
BRDA:14,9,1,2
BRF:20
BRH:9
end_of_record
TN:
SF:src/modules/leave-request/dto/create-leave-request.dto.ts
FN:5,(anonymous_2)
FN:12,(anonymous_3)
FN:19,(anonymous_4)
FN:28,(anonymous_5)
FNF:4
FNH:0
FNDA:0,(anonymous_2)
FNDA:0,(anonymous_3)
FNDA:0,(anonymous_4)
FNDA:0,(anonymous_5)
DA:1,1
DA:4,1
DA:6,0
DA:7,0
DA:8,0
DA:9,0
DA:13,0
DA:18,1
DA:20,0
DA:21,0
DA:23,0
DA:24,0
DA:25,0
DA:29,0
DA:33,1
DA:36,1
DA:41,1
DA:47,1
LF:18
LH:7
BRDA:21,0,0,0
BRDA:21,0,1,0
BRF:2
BRH:0
end_of_record
TN:
SF:src/modules/leave-request/dto/update-leave-request.dto.ts
FNF:0
FNH:0
DA:1,1
DA:2,1
DA:4,1
DA:8,1
DA:13,1
DA:17,1
LF:6
LH:6
BRDA:17,0,0,0
BRDA:17,0,1,1
BRDA:17,1,0,1
BRDA:17,1,1,1
BRF:4
BRH:3
end_of_record
TN:
SF:src/queue/consumer.module.ts
FNF:0
FNH:0
DA:1,0
DA:2,0
DA:3,0
DA:4,0
DA:5,0
DA:14,0
LF:6
LH:0
BRF:0
BRH:0
end_of_record
TN:
SF:src/queue/queue.module.ts
FN:12,(anonymous_1)
FNF:1
FNH:0
FNDA:0,(anonymous_1)
DA:1,0
DA:2,0
DA:3,0
DA:12,0
DA:28,0
LF:5
LH:0
BRF:0
BRH:0
end_of_record
TN:
SF:src/queue/consumers/leave-request.consumer.ts
FN:12,(anonymous_5)
FN:15,(anonymous_6)
FN:68,(anonymous_7)
FNF:3
FNH:2
FNDA:3,(anonymous_5)
FNDA:2,(anonymous_6)
FNDA:0,(anonymous_7)
DA:1,1
DA:2,1
DA:3,1
DA:4,1
DA:5,1
DA:6,1
DA:9,1
DA:10,3
DA:12,3
DA:15,1
DA:16,2
DA:17,2
DA:19,2
DA:20,2
DA:22,2
DA:24,2
DA:25,0
DA:26,0
DA:27,0
DA:31,2
DA:32,0
DA:33,0
DA:34,0
DA:38,2
DA:39,2
DA:40,2
DA:43,2
DA:44,2
DA:45,1
DA:49,2
DA:50,2
DA:51,2
DA:53,2
DA:54,2
DA:56,0
DA:59,0
DA:60,0
DA:61,0
DA:63,0
DA:64,0
DA:65,0
DA:68,0
DA:71,0
DA:77,0
DA:81,0
DA:84,0
LF:46
LH:28
BRDA:24,0,0,0
BRDA:24,0,1,2
BRDA:31,1,0,0
BRDA:31,1,1,2
BRDA:44,2,0,1
BRDA:44,2,1,1
BRDA:44,3,0,2
BRDA:44,3,1,1
BRDA:60,4,0,0
BRDA:60,4,1,0
BRDA:61,5,0,0
BRDA:61,5,1,0
BRDA:63,6,0,0
BRDA:63,6,1,0
BRDA:15,7,0,1
BRDA:15,7,1,0
BRDA:15,8,0,1
BRDA:15,8,1,1
BRDA:12,9,0,1
BRDA:12,9,1,0
BRDA:12,10,0,1
BRDA:12,10,1,1
BRF:22
BRH:12
end_of_record
TN:
SF:src/tests/e2e/app.e2e-spec.ts
FN:7,(anonymous_1)
FN:10,(anonymous_2)
FN:19,(anonymous_3)
FNF:3
FNH:0
FNDA:0,(anonymous_1)
FNDA:0,(anonymous_2)
FNDA:0,(anonymous_3)
DA:1,0
DA:3,0
DA:4,0
DA:7,0
DA:10,0
DA:11,0
DA:15,0
DA:16,0
DA:19,0
DA:20,0
LF:10
LH:0
BRF:0
BRH:0
end_of_record
